<?xml version="1.0" encoding="UTF-8"?>
<testsuite xmlns:xsi="http://www.w3.org/2001/XMLSchema-instance" xsi:noNamespaceSchemaLocation="https://maven.apache.org/surefire/maven-surefire-plugin/xsd/surefire-test-report-3.0.xsd" version="3.0" name="com.ats.integration.AuthControllerIntegrationTest" time="3.129" tests="6" errors="0" skipped="0" failures="0">
  <properties>
[...]
</properties>
  <testcase name="testLogin_Success" classname="com.ats.integration.AuthControllerIntegrationTest" time="0.405">
    <system-out><![CDATA[15:04:10.794 [main] INFO org.springframework.test.context.support.AnnotationConfigContextLoaderUtils -- Could not detect default configuration classes for test class [com.ats.integration.AuthControllerIntegrationTest]: AuthControllerIntegrationTest does not declare any static, non-private, non-final, nested classes annotated with @Configuration.
15:04:10.829 [main] INFO org.springframework.boot.test.context.SpringBootTestContextBootstrapper -- Found @SpringBootConfiguration com.ats.ApplicantTrackingSystemApplication for test class com.ats.integration.AuthControllerIntegrationTest

  .   ____          _            __ _ _
 /\\ / ___'_ __ _ _(_)_ __  __ _ \ \ \ \
( ( )\___ | '_ | '_| | '_ \/ _` | \ \ \ \
 \\/  ___)| |_)| | | | | || (_| |  ) ) ) )
  '  |____| .__|_| |_|_| |_\__, | / / / /
 =========|_|==============|___/=/_/_/_/
 :: Spring Boot ::                (v3.2.0)

2026-04-01T15:04:10.964+02:00  INFO 49572 --- [applicant-tracking-system] [           main] c.a.i.AuthControllerIntegrationTest      : Starting AuthControllerIntegrationTest using Java 25.0.1 with PID 49572 (started by konradstudzinski in /Users/konradstudzinski/Desktop/Applicant Tracking System/backend)
2026-04-01T15:04:10.964+02:00 DEBUG 49572 --- [applicant-tracking-system] [           main] c.a.i.AuthControllerIntegrationTest      : Running with Spring Boot v3.2.0, Spring v6.1.1
2026-04-01T15:04:10.964+02:00  INFO 49572 --- [applicant-tracking-system] [           main] c.a.i.AuthControllerIntegrationTest      : The following 1 profile is active: "test"
2026-04-01T15:04:11.163+02:00  INFO 49572 --- [applicant-tracking-system] [           main] .s.d.r.c.RepositoryConfigurationDelegate : Bootstrapping Spring Data JPA repositories in DEFAULT mode.
2026-04-01T15:04:11.180+02:00  INFO 49572 --- [applicant-tracking-system] [           main] .s.d.r.c.RepositoryConfigurationDelegate : Finished Spring Data repository scanning in 15 ms. Found 10 JPA repository interfaces.
2026-04-01T15:04:11.291+02:00  INFO 49572 --- [applicant-tracking-system] [           main] beddedDataSourceBeanFactoryPostProcessor : Replacing 'dataSource' DataSource bean with embedded version
2026-04-01T15:04:11.401+02:00  INFO 49572 --- [applicant-tracking-system] [           main] o.s.j.d.e.EmbeddedDatabaseFactory        : Starting embedded database: url='jdbc:h2:mem:ae27c25b-b042-4f24-975b-0b4ca88698c5;DB_CLOSE_DELAY=-1;DB_CLOSE_ON_EXIT=false', username='sa'
2026-04-01T15:04:11.506+02:00  INFO 49572 --- [applicant-tracking-system] [           main] o.hibernate.jpa.internal.util.LogHelper  : HHH000204: Processing PersistenceUnitInfo [name: default]
2026-04-01T15:04:11.523+02:00  INFO 49572 --- [applicant-tracking-system] [           main] org.hibernate.Version                    : HHH000412: Hibernate ORM core version 6.3.1.Final
2026-04-01T15:04:11.533+02:00  INFO 49572 --- [applicant-tracking-system] [           main] o.h.c.internal.RegionFactoryInitiator    : HHH000026: Second-level cache disabled
2026-04-01T15:04:11.598+02:00  INFO 49572 --- [applicant-tracking-system] [           main] o.s.o.j.p.SpringPersistenceUnitInfo      : No LoadTimeWeaver setup: ignoring JPA class transformer
2026-04-01T15:04:11.612+02:00  WARN 49572 --- [applicant-tracking-system] [           main] org.hibernate.orm.deprecation            : HHH90000025: H2Dialect does not need to be specified explicitly using 'hibernate.dialect' (remove the property setting and it will be selected by default)
2026-04-01T15:04:11.952+02:00  INFO 49572 --- [applicant-tracking-system] [           main] o.h.e.t.j.p.i.JtaPlatformInitiator       : HHH000489: No JTA platform available (set 'hibernate.transaction.jta.platform' to enable JTA platform integration)
2026-04-01T15:04:11.956+02:00 DEBUG 49572 --- [applicant-tracking-system] [           main] org.hibernate.SQL                        : 
    drop table if exists ai_analysis cascade 
Hibernate: 
    drop table if exists ai_analysis cascade 
2026-04-01T15:04:11.957+02:00 DEBUG 49572 --- [applicant-tracking-system] [           main] org.hibernate.SQL                        : 
    drop table if exists audit_logs cascade 
Hibernate: 
    drop table if exists audit_logs cascade 
2026-04-01T15:04:11.957+02:00 DEBUG 49572 --- [applicant-tracking-system] [           main] org.hibernate.SQL                        : 
    drop table if exists candidate_stage_history cascade 
Hibernate: 
    drop table if exists candidate_stage_history cascade 
2026-04-01T15:04:11.957+02:00 DEBUG 49572 --- [applicant-tracking-system] [           main] org.hibernate.SQL                        : 
    drop table if exists candidates cascade 
Hibernate: 
    drop table if exists candidates cascade 
2026-04-01T15:04:11.957+02:00 DEBUG 49572 --- [applicant-tracking-system] [           main] org.hibernate.SQL                        : 
    drop table if exists cvs cascade 
Hibernate: 
    drop table if exists cvs cascade 
2026-04-01T15:04:11.957+02:00 DEBUG 49572 --- [applicant-tracking-system] [           main] org.hibernate.SQL                        : 
    drop table if exists job_offer_candidates cascade 
Hibernate: 
    drop table if exists job_offer_candidates cascade 
2026-04-01T15:04:11.957+02:00 DEBUG 49572 --- [applicant-tracking-system] [           main] org.hibernate.SQL                        : 
    drop table if exists job_offers cascade 
Hibernate: 
    drop table if exists job_offers cascade 
2026-04-01T15:04:11.957+02:00 DEBUG 49572 --- [applicant-tracking-system] [           main] org.hibernate.SQL                        : 
    drop table if exists recruitment_pipelines cascade 
Hibernate: 
    drop table if exists recruitment_pipelines cascade 
2026-04-01T15:04:11.957+02:00 DEBUG 49572 --- [applicant-tracking-system] [           main] org.hibernate.SQL                        : 
    drop table if exists recruitment_stages cascade 
Hibernate: 
    drop table if exists recruitment_stages cascade 
2026-04-01T15:04:11.958+02:00 DEBUG 49572 --- [applicant-tracking-system] [           main] org.hibernate.SQL                        : 
    drop table if exists refresh_tokens cascade 
Hibernate: 
    drop table if exists refresh_tokens cascade 
2026-04-01T15:04:11.958+02:00 DEBUG 49572 --- [applicant-tracking-system] [           main] org.hibernate.SQL                        : 
    drop table if exists users cascade 
Hibernate: 
    drop table if exists users cascade 
2026-04-01T15:04:11.959+02:00 DEBUG 49572 --- [applicant-tracking-system] [           main] org.hibernate.SQL                        : 
    create table ai_analysis (
        is_deleted boolean not null,
        match_score integer not null,
        created_at timestamp(6) not null,
        cv_id bigint not null unique,
        id bigint generated by default as identity,
        job_offer_id bigint not null,
        recommendations varchar(1000),
        education_match varchar(2000),
        experience_match varchar(2000),
        key_skills varchar(2000),
        missing_skills varchar(2000),
        summary varchar(5000),
        ai_model varchar(255) not null,
        full_analysis TEXT,
        primary key (id)
    )
Hibernate: 
    create table ai_analysis (
        is_deleted boolean not null,
        match_score integer not null,
        created_at timestamp(6) not null,
        cv_id bigint not null unique,
        id bigint generated by default as identity,
        job_offer_id bigint not null,
        recommendations varchar(1000),
        education_match varchar(2000),
        experience_match varchar(2000),
        key_skills varchar(2000),
        missing_skills varchar(2000),
        summary varchar(5000),
        ai_model varchar(255) not null,
        full_analysis TEXT,
        primary key (id)
    )
2026-04-01T15:04:11.963+02:00 DEBUG 49572 --- [applicant-tracking-system] [           main] org.hibernate.SQL                        : 
    create table audit_logs (
        is_deleted boolean not null,
        created_at timestamp(6) not null,
        id bigint generated by default as identity,
        user_id bigint,
        resource_type varchar(50),
        ip_address varchar(100),
        resource_id varchar(100),
        user_agent varchar(500),
        description varchar(1000),
        details varchar(2000),
        action varchar(255) not null,
        primary key (id)
    )
Hibernate: 
    create table audit_logs (
        is_deleted boolean not null,
        created_at timestamp(6) not null,
        id bigint generated by default as identity,
        user_id bigint,
        resource_type varchar(50),
        ip_address varchar(100),
        resource_id varchar(100),
        user_agent varchar(500),
        description varchar(1000),
        details varchar(2000),
        action varchar(255) not null,
        primary key (id)
    )
2026-04-01T15:04:11.964+02:00 DEBUG 49572 --- [applicant-tracking-system] [           main] org.hibernate.SQL                        : 
    create table candidate_stage_history (
        is_deleted boolean not null,
        candidate_id bigint not null,
        changed_at timestamp(6) not null,
        changed_by_id bigint not null,
        created_at timestamp(6) not null,
        id bigint generated by default as identity,
        stage_id bigint not null,
        notes varchar(1000),
        primary key (id)
    )
Hibernate: 
    create table candidate_stage_history (
        is_deleted boolean not null,
        candidate_id bigint not null,
        changed_at timestamp(6) not null,
        changed_by_id bigint not null,
        created_at timestamp(6) not null,
        id bigint generated by default as identity,
        stage_id bigint not null,
        notes varchar(1000),
        primary key (id)
    )
2026-04-01T15:04:11.964+02:00 DEBUG 49572 --- [applicant-tracking-system] [           main] org.hibernate.SQL                        : 
    create table candidates (
        is_deleted boolean not null,
        created_at timestamp(6) not null,
        id bigint generated by default as identity,
        updated_at timestamp(6),
        education varchar(500),
        skills varchar(500),
        summary varchar(500),
        experience varchar(1000),
        email varchar(255) unique,
        first_name varchar(255) not null,
        last_name varchar(255) not null,
        phone varchar(255),
        primary key (id)
    )
Hibernate: 
    create table candidates (
        is_deleted boolean not null,
        created_at timestamp(6) not null,
        id bigint generated by default as identity,
        updated_at timestamp(6),
        education varchar(500),
        skills varchar(500),
        summary varchar(500),
        experience varchar(1000),
        email varchar(255) unique,
        first_name varchar(255) not null,
        last_name varchar(255) not null,
        phone varchar(255),
        primary key (id)
    )
2026-04-01T15:04:11.965+02:00 DEBUG 49572 --- [applicant-tracking-system] [           main] org.hibernate.SQL                        : 
    create table cvs (
        is_deleted boolean not null,
        candidate_id bigint not null,
        created_at timestamp(6) not null,
        file_size bigint not null,
        id bigint generated by default as identity,
        updated_at timestamp(6),
        extracted_text varchar(2000),
        content_type varchar(255) not null,
        file_path varchar(255) not null,
        filename varchar(255) not null,
        original_filename varchar(255) not null,
        primary key (id)
    )
Hibernate: 
    create table cvs (
        is_deleted boolean not null,
        candidate_id bigint not null,
        created_at timestamp(6) not null,
        file_size bigint not null,
        id bigint generated by default as identity,
        updated_at timestamp(6),
        extracted_text varchar(2000),
        content_type varchar(255) not null,
        file_path varchar(255) not null,
        filename varchar(255) not null,
        original_filename varchar(255) not null,
        primary key (id)
    )
2026-04-01T15:04:11.966+02:00 DEBUG 49572 --- [applicant-tracking-system] [           main] org.hibernate.SQL                        : 
    create table job_offer_candidates (
        candidate_id bigint not null,
        job_offer_id bigint not null,
        primary key (candidate_id, job_offer_id)
    )
Hibernate: 
    create table job_offer_candidates (
        candidate_id bigint not null,
        job_offer_id bigint not null,
        primary key (candidate_id, job_offer_id)
    )
2026-04-01T15:04:11.966+02:00 DEBUG 49572 --- [applicant-tracking-system] [           main] org.hibernate.SQL                        : 
    create table job_offers (
        is_deleted boolean not null,
        salary_max numeric(10,2),
        salary_min numeric(10,2),
        assigned_to_id bigint,
        created_at timestamp(6) not null,
        created_by_id bigint not null,
        id bigint generated by default as identity,
        updated_at timestamp(6),
        benefits varchar(1000),
        requirements varchar(1000),
        description varchar(2000),
        location varchar(255) not null,
        status varchar(255) not null check (status in ('OPEN','IN_PROGRESS','CLOSED','CANCELLED')),
        title varchar(255) not null,
        primary key (id)
    )
Hibernate: 
    create table job_offers (
        is_deleted boolean not null,
        salary_max numeric(10,2),
        salary_min numeric(10,2),
        assigned_to_id bigint,
        created_at timestamp(6) not null,
        created_by_id bigint not null,
        id bigint generated by default as identity,
        updated_at timestamp(6),
        benefits varchar(1000),
        requirements varchar(1000),
        description varchar(2000),
        location varchar(255) not null,
        status varchar(255) not null check (status in ('OPEN','IN_PROGRESS','CLOSED','CANCELLED')),
        title varchar(255) not null,
        primary key (id)
    )
2026-04-01T15:04:11.968+02:00 DEBUG 49572 --- [applicant-tracking-system] [           main] org.hibernate.SQL                        : 
    create table recruitment_pipelines (
        is_active boolean not null,
        is_deleted boolean not null,
        created_at timestamp(6) not null,
        created_by_id bigint not null,
        id bigint generated by default as identity,
        job_offer_id bigint not null,
        updated_at timestamp(6),
        description varchar(2000),
        name varchar(255) not null,
        primary key (id)
    )
Hibernate: 
    create table recruitment_pipelines (
        is_active boolean not null,
        is_deleted boolean not null,
        created_at timestamp(6) not null,
        created_by_id bigint not null,
        id bigint generated by default as identity,
        job_offer_id bigint not null,
        updated_at timestamp(6),
        description varchar(2000),
        name varchar(255) not null,
        primary key (id)
    )
2026-04-01T15:04:11.968+02:00 DEBUG 49572 --- [applicant-tracking-system] [           main] org.hibernate.SQL                        : 
    create table recruitment_stages (
        is_deleted boolean not null,
        order integer not null,
        created_at timestamp(6) not null,
        id bigint generated by default as identity,
        pipeline_id bigint,
        updated_at timestamp(6),
        description varchar(1000),
        name varchar(255) not null unique,
        primary key (id)
    )
Hibernate: 
    create table recruitment_stages (
        is_deleted boolean not null,
        order integer not null,
        created_at timestamp(6) not null,
        id bigint generated by default as identity,
        pipeline_id bigint,
        updated_at timestamp(6),
        description varchar(1000),
        name varchar(255) not null unique,
        primary key (id)
    )
2026-04-01T15:04:11.969+02:00  WARN 49572 --- [applicant-tracking-system] [           main] o.h.t.s.i.ExceptionHandlerLoggedImpl     : GenerationTarget encountered exception accepting command : Error executing DDL "
    create table recruitment_stages (
        is_deleted boolean not null,
        order integer not null,
        created_at timestamp(6) not null,
        id bigint generated by default as identity,
        pipeline_id bigint,
        updated_at timestamp(6),
        description varchar(1000),
        name varchar(255) not null unique,
        primary key (id)
    )" via JDBC [Błąd składniowy w wyrażeniu SQL "\000a    create table recruitment_stages (\000a        is_deleted boolean not null,\000a        [*]order integer not null,\000a        created_at timestamp(6) not null,\000a        id bigint generated by default as identity,\000a        pipeline_id bigint,\000a        updated_at timestamp(6),\000a        description varchar(1000),\000a        name varchar(255) not null unique,\000a        primary key (id)\000a    )"; oczekiwano "identifier"
Syntax error in SQL statement "\000a    create table recruitment_stages (\000a        is_deleted boolean not null,\000a        [*]order integer not null,\000a        created_at timestamp(6) not null,\000a        id bigint generated by default as identity,\000a        pipeline_id bigint,\000a        updated_at timestamp(6),\000a        description varchar(1000),\000a        name varchar(255) not null unique,\000a        primary key (id)\000a    )"; expected "identifier";]

org.hibernate.tool.schema.spi.CommandAcceptanceException: Error executing DDL "
    create table recruitment_stages (
        is_deleted boolean not null,
        order integer not null,
        created_at timestamp(6) not null,
        id bigint generated by default as identity,
        pipeline_id bigint,
        updated_at timestamp(6),
        description varchar(1000),
        name varchar(255) not null unique,
        primary key (id)
    )" via JDBC [Błąd składniowy w wyrażeniu SQL "\000a    create table recruitment_stages (\000a        is_deleted boolean not null,\000a        [*]order integer not null,\000a        created_at timestamp(6) not null,\000a        id bigint generated by default as identity,\000a        pipeline_id bigint,\000a        updated_at timestamp(6),\000a        description varchar(1000),\000a        name varchar(255) not null unique,\000a        primary key (id)\000a    )"; oczekiwano "identifier"
Syntax error in SQL statement "\000a    create table recruitment_stages (\000a        is_deleted boolean not null,\000a        [*]order integer not null,\000a        created_at timestamp(6) not null,\000a        id bigint generated by default as identity,\000a        pipeline_id bigint,\000a        updated_at timestamp(6),\000a        description varchar(1000),\000a        name varchar(255) not null unique,\000a        primary key (id)\000a    )"; expected "identifier";]
	at org.hibernate.tool.schema.internal.exec.GenerationTargetToDatabase.accept(GenerationTargetToDatabase.java:94) ~[hibernate-core-6.3.1.Final.jar:6.3.1.Final]
	at org.hibernate.tool.schema.internal.Helper.applySqlString(Helper.java:233) ~[hibernate-core-6.3.1.Final.jar:6.3.1.Final]
	at org.hibernate.tool.schema.internal.Helper.applySqlStrings(Helper.java:217) ~[hibernate-core-6.3.1.Final.jar:6.3.1.Final]
	at org.hibernate.tool.schema.internal.SchemaCreatorImpl.createTables(SchemaCreatorImpl.java:420) ~[hibernate-core-6.3.1.Final.jar:6.3.1.Final]
	at org.hibernate.tool.schema.internal.SchemaCreatorImpl.createSequencesTablesConstraints(SchemaCreatorImpl.java:340) ~[hibernate-core-6.3.1.Final.jar:6.3.1.Final]
	at org.hibernate.tool.schema.internal.SchemaCreatorImpl.createFromMetadata(SchemaCreatorImpl.java:239) ~[hibernate-core-6.3.1.Final.jar:6.3.1.Final]
	at org.hibernate.tool.schema.internal.SchemaCreatorImpl.performCreation(SchemaCreatorImpl.java:172) ~[hibernate-core-6.3.1.Final.jar:6.3.1.Final]
	at org.hibernate.tool.schema.internal.SchemaCreatorImpl.doCreation(SchemaCreatorImpl.java:142) ~[hibernate-core-6.3.1.Final.jar:6.3.1.Final]
	at org.hibernate.tool.schema.internal.SchemaCreatorImpl.doCreation(SchemaCreatorImpl.java:118) ~[hibernate-core-6.3.1.Final.jar:6.3.1.Final]
	at org.hibernate.tool.schema.spi.SchemaManagementToolCoordinator.performDatabaseAction(SchemaManagementToolCoordinator.java:256) ~[hibernate-core-6.3.1.Final.jar:6.3.1.Final]
	at org.hibernate.tool.schema.spi.SchemaManagementToolCoordinator.lambda$process$5(SchemaManagementToolCoordinator.java:145) ~[hibernate-core-6.3.1.Final.jar:6.3.1.Final]
	at java.base/java.util.HashMap.forEach(HashMap.java:1430) ~[na:na]
	at org.hibernate.tool.schema.spi.SchemaManagementToolCoordinator.process(SchemaManagementToolCoordinator.java:142) ~[hibernate-core-6.3.1.Final.jar:6.3.1.Final]
	at org.hibernate.boot.internal.SessionFactoryObserverForSchemaExport.sessionFactoryCreated(SessionFactoryObserverForSchemaExport.java:37) ~[hibernate-core-6.3.1.Final.jar:6.3.1.Final]
	at org.hibernate.internal.SessionFactoryObserverChain.sessionFactoryCreated(SessionFactoryObserverChain.java:35) ~[hibernate-core-6.3.1.Final.jar:6.3.1.Final]
	at org.hibernate.internal.SessionFactoryImpl.<init>(SessionFactoryImpl.java:295) ~[hibernate-core-6.3.1.Final.jar:6.3.1.Final]
	at org.hibernate.boot.internal.SessionFactoryBuilderImpl.build(SessionFactoryBuilderImpl.java:450) ~[hibernate-core-6.3.1.Final.jar:6.3.1.Final]
	at org.hibernate.jpa.boot.internal.EntityManagerFactoryBuilderImpl.build(EntityManagerFactoryBuilderImpl.java:1507) ~[hibernate-core-6.3.1.Final.jar:6.3.1.Final]
	at org.springframework.orm.jpa.vendor.SpringHibernateJpaPersistenceProvider.createContainerEntityManagerFactory(SpringHibernateJpaPersistenceProvider.java:75) ~[spring-orm-6.1.1.jar:6.1.1]
	at org.springframework.orm.jpa.LocalContainerEntityManagerFactoryBean.createNativeEntityManagerFactory(LocalContainerEntityManagerFactoryBean.java:376) ~[spring-orm-6.1.1.jar:6.1.1]
	at org.springframework.orm.jpa.AbstractEntityManagerFactoryBean.buildNativeEntityManagerFactory(AbstractEntityManagerFactoryBean.java:409) ~[spring-orm-6.1.1.jar:6.1.1]
	at org.springframework.orm.jpa.AbstractEntityManagerFactoryBean.afterPropertiesSet(AbstractEntityManagerFactoryBean.java:396) ~[spring-orm-6.1.1.jar:6.1.1]
	at org.springframework.orm.jpa.LocalContainerEntityManagerFactoryBean.afterPropertiesSet(LocalContainerEntityManagerFactoryBean.java:352) ~[spring-orm-6.1.1.jar:6.1.1]
	at org.springframework.beans.factory.support.AbstractAutowireCapableBeanFactory.invokeInitMethods(AbstractAutowireCapableBeanFactory.java:1822) ~[spring-beans-6.1.1.jar:6.1.1]
	at org.springframework.beans.factory.support.AbstractAutowireCapableBeanFactory.initializeBean(AbstractAutowireCapableBeanFactory.java:1771) ~[spring-beans-6.1.1.jar:6.1.1]
	at org.springframework.beans.factory.support.AbstractAutowireCapableBeanFactory.doCreateBean(AbstractAutowireCapableBeanFactory.java:601) ~[spring-beans-6.1.1.jar:6.1.1]
	at org.springframework.beans.factory.support.AbstractAutowireCapableBeanFactory.createBean(AbstractAutowireCapableBeanFactory.java:523) ~[spring-beans-6.1.1.jar:6.1.1]
	at org.springframework.beans.factory.support.AbstractBeanFactory.lambda$doGetBean$0(AbstractBeanFactory.java:325) ~[spring-beans-6.1.1.jar:6.1.1]
	at org.springframework.beans.factory.support.DefaultSingletonBeanRegistry.getSingleton(DefaultSingletonBeanRegistry.java:234) ~[spring-beans-6.1.1.jar:6.1.1]
	at org.springframework.beans.factory.support.AbstractBeanFactory.doGetBean(AbstractBeanFactory.java:323) ~[spring-beans-6.1.1.jar:6.1.1]
	at org.springframework.beans.factory.support.AbstractBeanFactory.getBean(AbstractBeanFactory.java:199) ~[spring-beans-6.1.1.jar:6.1.1]
	at org.springframework.context.support.AbstractApplicationContext.getBean(AbstractApplicationContext.java:1173) ~[spring-context-6.1.1.jar:6.1.1]
	at org.springframework.context.support.AbstractApplicationContext.finishBeanFactoryInitialization(AbstractApplicationContext.java:936) ~[spring-context-6.1.1.jar:6.1.1]
	at org.springframework.context.support.AbstractApplicationContext.refresh(AbstractApplicationContext.java:616) ~[spring-context-6.1.1.jar:6.1.1]
	at org.springframework.boot.SpringApplication.refresh(SpringApplication.java:753) ~[spring-boot-3.2.0.jar:3.2.0]
	at org.springframework.boot.SpringApplication.refreshContext(SpringApplication.java:455) ~[spring-boot-3.2.0.jar:3.2.0]
	at org.springframework.boot.SpringApplication.run(SpringApplication.java:323) ~[spring-boot-3.2.0.jar:3.2.0]
	at org.springframework.boot.test.context.SpringBootContextLoader.lambda$loadContext$3(SpringBootContextLoader.java:137) ~[spring-boot-test-3.2.0.jar:3.2.0]
	at org.springframework.util.function.ThrowingSupplier.get(ThrowingSupplier.java:58) ~[spring-core-6.1.1.jar:6.1.1]
	at org.springframework.util.function.ThrowingSupplier.get(ThrowingSupplier.java:46) ~[spring-core-6.1.1.jar:6.1.1]
	at org.springframework.boot.SpringApplication.withHook(SpringApplication.java:1442) ~[spring-boot-3.2.0.jar:3.2.0]
	at org.springframework.boot.test.context.SpringBootContextLoader$ContextLoaderHook.run(SpringBootContextLoader.java:552) ~[spring-boot-test-3.2.0.jar:3.2.0]
	at org.springframework.boot.test.context.SpringBootContextLoader.loadContext(SpringBootContextLoader.java:137) ~[spring-boot-test-3.2.0.jar:3.2.0]
	at org.springframework.boot.test.context.SpringBootContextLoader.loadContext(SpringBootContextLoader.java:108) ~[spring-boot-test-3.2.0.jar:3.2.0]
	at org.springframework.test.context.cache.DefaultCacheAwareContextLoaderDelegate.loadContextInternal(DefaultCacheAwareContextLoaderDelegate.java:225) ~[spring-test-6.1.1.jar:6.1.1]
	at org.springframework.test.context.cache.DefaultCacheAwareContextLoaderDelegate.loadContext(DefaultCacheAwareContextLoaderDelegate.java:152) ~[spring-test-6.1.1.jar:6.1.1]
	at org.springframework.test.context.support.DefaultTestContext.getApplicationContext(DefaultTestContext.java:130) ~[spring-test-6.1.1.jar:6.1.1]
	at org.springframework.test.context.web.ServletTestExecutionListener.setUpRequestContextIfNecessary(ServletTestExecutionListener.java:191) ~[spring-test-6.1.1.jar:6.1.1]
	at org.springframework.test.context.web.ServletTestExecutionListener.prepareTestInstance(ServletTestExecutionListener.java:130) ~[spring-test-6.1.1.jar:6.1.1]
	at org.springframework.test.context.TestContextManager.prepareTestInstance(TestContextManager.java:247) ~[spring-test-6.1.1.jar:6.1.1]
	at org.springframework.test.context.junit.jupiter.SpringExtension.postProcessTestInstance(SpringExtension.java:163) ~[spring-test-6.1.1.jar:6.1.1]
	at org.junit.jupiter.engine.descriptor.ClassBasedTestDescriptor.lambda$invokeTestInstancePostProcessors$10(ClassBasedTestDescriptor.java:378) ~[junit-jupiter-engine-5.10.1.jar:5.10.1]
	at org.junit.jupiter.engine.descriptor.ClassBasedTestDescriptor.executeAndMaskThrowable(ClassBasedTestDescriptor.java:383) ~[junit-jupiter-engine-5.10.1.jar:5.10.1]
	at org.junit.jupiter.engine.descriptor.ClassBasedTestDescriptor.lambda$invokeTestInstancePostProcessors$11(ClassBasedTestDescriptor.java:378) ~[junit-jupiter-engine-5.10.1.jar:5.10.1]
	at java.base/java.util.stream.ReferencePipeline$3$1.accept(ReferencePipeline.java:214) ~[na:na]
	at java.base/java.util.stream.ReferencePipeline$2$1.accept(ReferencePipeline.java:197) ~[na:na]
	at java.base/java.util.ArrayList$ArrayListSpliterator.forEachRemaining(ArrayList.java:1716) ~[na:na]
	at java.base/java.util.stream.AbstractPipeline.copyInto(AbstractPipeline.java:570) ~[na:na]
	at java.base/java.util.stream.AbstractPipeline.wrapAndCopyInto(AbstractPipeline.java:560) ~[na:na]
	at java.base/java.util.stream.StreamSpliterators$WrappingSpliterator.forEachRemaining(StreamSpliterators.java:315) ~[na:na]
	at java.base/java.util.stream.Streams$ConcatSpliterator.forEachRemaining(Streams.java:735) ~[na:na]
	at java.base/java.util.stream.Streams$ConcatSpliterator.forEachRemaining(Streams.java:734) ~[na:na]
	at java.base/java.util.stream.ReferencePipeline$Head.forEach(ReferencePipeline.java:803) ~[na:na]
	at org.junit.jupiter.engine.descriptor.ClassBasedTestDescriptor.invokeTestInstancePostProcessors(ClassBasedTestDescriptor.java:377) ~[junit-jupiter-engine-5.10.1.jar:5.10.1]
	at org.junit.jupiter.engine.descriptor.ClassBasedTestDescriptor.lambda$instantiateAndPostProcessTestInstance$6(ClassBasedTestDescriptor.java:290) ~[junit-jupiter-engine-5.10.1.jar:5.10.1]
	at org.junit.platform.engine.support.hierarchical.ThrowableCollector.execute(ThrowableCollector.java:73) ~[junit-platform-engine-1.10.1.jar:1.10.1]
	at org.junit.jupiter.engine.descriptor.ClassBasedTestDescriptor.instantiateAndPostProcessTestInstance(ClassBasedTestDescriptor.java:289) ~[junit-jupiter-engine-5.10.1.jar:5.10.1]
	at org.junit.jupiter.engine.descriptor.ClassBasedTestDescriptor.lambda$testInstancesProvider$4(ClassBasedTestDescriptor.java:279) ~[junit-jupiter-engine-5.10.1.jar:5.10.1]
	at java.base/java.util.Optional.orElseGet(Optional.java:364) ~[na:na]
	at org.junit.jupiter.engine.descriptor.ClassBasedTestDescriptor.lambda$testInstancesProvider$5(ClassBasedTestDescriptor.java:278) ~[junit-jupiter-engine-5.10.1.jar:5.10.1]
	at org.junit.jupiter.engine.execution.TestInstancesProvider.getTestInstances(TestInstancesProvider.java:31) ~[junit-jupiter-engine-5.10.1.jar:5.10.1]
	at org.junit.jupiter.engine.descriptor.TestMethodTestDescriptor.lambda$prepare$0(TestMethodTestDescriptor.java:106) ~[junit-jupiter-engine-5.10.1.jar:5.10.1]
	at org.junit.platform.engine.support.hierarchical.ThrowableCollector.execute(ThrowableCollector.java:73) ~[junit-platform-engine-1.10.1.jar:1.10.1]
	at org.junit.jupiter.engine.descriptor.TestMethodTestDescriptor.prepare(TestMethodTestDescriptor.java:105) ~[junit-jupiter-engine-5.10.1.jar:5.10.1]
	at org.junit.jupiter.engine.descriptor.TestMethodTestDescriptor.prepare(TestMethodTestDescriptor.java:69) ~[junit-jupiter-engine-5.10.1.jar:5.10.1]
	at org.junit.platform.engine.support.hierarchical.NodeTestTask.lambda$prepare$2(NodeTestTask.java:123) ~[junit-platform-engine-1.10.1.jar:1.10.1]
	at org.junit.platform.engine.support.hierarchical.ThrowableCollector.execute(ThrowableCollector.java:73) ~[junit-platform-engine-1.10.1.jar:1.10.1]
	at org.junit.platform.engine.support.hierarchical.NodeTestTask.prepare(NodeTestTask.java:123) ~[junit-platform-engine-1.10.1.jar:1.10.1]
	at org.junit.platform.engine.support.hierarchical.NodeTestTask.execute(NodeTestTask.java:90) ~[junit-platform-engine-1.10.1.jar:1.10.1]
	at java.base/java.util.ArrayList.forEach(ArrayList.java:1604) ~[na:na]
	at org.junit.platform.engine.support.hierarchical.SameThreadHierarchicalTestExecutorService.invokeAll(SameThreadHierarchicalTestExecutorService.java:41) ~[junit-platform-engine-1.10.1.jar:1.10.1]
	at org.junit.platform.engine.support.hierarchical.NodeTestTask.lambda$executeRecursively$6(NodeTestTask.java:155) ~[junit-platform-engine-1.10.1.jar:1.10.1]
	at org.junit.platform.engine.support.hierarchical.ThrowableCollector.execute(ThrowableCollector.java:73) ~[junit-platform-engine-1.10.1.jar:1.10.1]
	at org.junit.platform.engine.support.hierarchical.NodeTestTask.lambda$executeRecursively$8(NodeTestTask.java:141) ~[junit-platform-engine-1.10.1.jar:1.10.1]
	at org.junit.platform.engine.support.hierarchical.Node.around(Node.java:137) ~[junit-platform-engine-1.10.1.jar:1.10.1]
	at org.junit.platform.engine.support.hierarchical.NodeTestTask.lambda$executeRecursively$9(NodeTestTask.java:139) ~[junit-platform-engine-1.10.1.jar:1.10.1]
	at org.junit.platform.engine.support.hierarchical.ThrowableCollector.execute(ThrowableCollector.java:73) ~[junit-platform-engine-1.10.1.jar:1.10.1]
	at org.junit.platform.engine.support.hierarchical.NodeTestTask.executeRecursively(NodeTestTask.java:138) ~[junit-platform-engine-1.10.1.jar:1.10.1]
	at org.junit.platform.engine.support.hierarchical.NodeTestTask.execute(NodeTestTask.java:95) ~[junit-platform-engine-1.10.1.jar:1.10.1]
	at java.base/java.util.ArrayList.forEach(ArrayList.java:1604) ~[na:na]
	at org.junit.platform.engine.support.hierarchical.SameThreadHierarchicalTestExecutorService.invokeAll(SameThreadHierarchicalTestExecutorService.java:41) ~[junit-platform-engine-1.10.1.jar:1.10.1]
	at org.junit.platform.engine.support.hierarchical.NodeTestTask.lambda$executeRecursively$6(NodeTestTask.java:155) ~[junit-platform-engine-1.10.1.jar:1.10.1]
	at org.junit.platform.engine.support.hierarchical.ThrowableCollector.execute(ThrowableCollector.java:73) ~[junit-platform-engine-1.10.1.jar:1.10.1]
	at org.junit.platform.engine.support.hierarchical.NodeTestTask.lambda$executeRecursively$8(NodeTestTask.java:141) ~[junit-platform-engine-1.10.1.jar:1.10.1]
	at org.junit.platform.engine.support.hierarchical.Node.around(Node.java:137) ~[junit-platform-engine-1.10.1.jar:1.10.1]
	at org.junit.platform.engine.support.hierarchical.NodeTestTask.lambda$executeRecursively$9(NodeTestTask.java:139) ~[junit-platform-engine-1.10.1.jar:1.10.1]
	at org.junit.platform.engine.support.hierarchical.ThrowableCollector.execute(ThrowableCollector.java:73) ~[junit-platform-engine-1.10.1.jar:1.10.1]
	at org.junit.platform.engine.support.hierarchical.NodeTestTask.executeRecursively(NodeTestTask.java:138) ~[junit-platform-engine-1.10.1.jar:1.10.1]
	at org.junit.platform.engine.support.hierarchical.NodeTestTask.execute(NodeTestTask.java:95) ~[junit-platform-engine-1.10.1.jar:1.10.1]
	at org.junit.platform.engine.support.hierarchical.SameThreadHierarchicalTestExecutorService.submit(SameThreadHierarchicalTestExecutorService.java:35) ~[junit-platform-engine-1.10.1.jar:1.10.1]
	at org.junit.platform.engine.support.hierarchical.HierarchicalTestExecutor.execute(HierarchicalTestExecutor.java:57) ~[junit-platform-engine-1.10.1.jar:1.10.1]
	at org.junit.platform.engine.support.hierarchical.HierarchicalTestEngine.execute(HierarchicalTestEngine.java:54) ~[junit-platform-engine-1.10.1.jar:1.10.1]
	at org.junit.platform.launcher.core.EngineExecutionOrchestrator.execute(EngineExecutionOrchestrator.java:198) ~[junit-platform-launcher-1.10.1.jar:1.10.1]
	at org.junit.platform.launcher.core.EngineExecutionOrchestrator.execute(EngineExecutionOrchestrator.java:169) ~[junit-platform-launcher-1.10.1.jar:1.10.1]
	at org.junit.platform.launcher.core.EngineExecutionOrchestrator.execute(EngineExecutionOrchestrator.java:93) ~[junit-platform-launcher-1.10.1.jar:1.10.1]
	at org.junit.platform.launcher.core.EngineExecutionOrchestrator.lambda$execute$0(EngineExecutionOrchestrator.java:58) ~[junit-platform-launcher-1.10.1.jar:1.10.1]
	at org.junit.platform.launcher.core.EngineExecutionOrchestrator.withInterceptedStreams(EngineExecutionOrchestrator.java:141) ~[junit-platform-launcher-1.10.1.jar:1.10.1]
	at org.junit.platform.launcher.core.EngineExecutionOrchestrator.execute(EngineExecutionOrchestrator.java:57) ~[junit-platform-launcher-1.10.1.jar:1.10.1]
	at org.junit.platform.launcher.core.DefaultLauncher.execute(DefaultLauncher.java:103) ~[junit-platform-launcher-1.10.1.jar:1.10.1]
	at org.junit.platform.launcher.core.DefaultLauncher.execute(DefaultLauncher.java:85) ~[junit-platform-launcher-1.10.1.jar:1.10.1]
	at org.junit.platform.launcher.core.DelegatingLauncher.execute(DelegatingLauncher.java:47) ~[junit-platform-launcher-1.10.1.jar:1.10.1]
	at org.apache.maven.surefire.junitplatform.LazyLauncher.execute(LazyLauncher.java:56) ~[surefire-junit-platform-3.1.2.jar:3.1.2]
	at org.apache.maven.surefire.junitplatform.JUnitPlatformProvider.execute(JUnitPlatformProvider.java:184) ~[surefire-junit-platform-3.1.2.jar:3.1.2]
	at org.apache.maven.surefire.junitplatform.JUnitPlatformProvider.invokeAllTests(JUnitPlatformProvider.java:148) ~[surefire-junit-platform-3.1.2.jar:3.1.2]
	at org.apache.maven.surefire.junitplatform.JUnitPlatformProvider.invoke(JUnitPlatformProvider.java:122) ~[surefire-junit-platform-3.1.2.jar:3.1.2]
	at org.apache.maven.surefire.booter.ForkedBooter.runSuitesInProcess(ForkedBooter.java:385) ~[surefire-booter-3.1.2.jar:3.1.2]
	at org.apache.maven.surefire.booter.ForkedBooter.execute(ForkedBooter.java:162) ~[surefire-booter-3.1.2.jar:3.1.2]
	at org.apache.maven.surefire.booter.ForkedBooter.run(ForkedBooter.java:507) ~[surefire-booter-3.1.2.jar:3.1.2]
	at org.apache.maven.surefire.booter.ForkedBooter.main(ForkedBooter.java:495) ~[surefire-booter-3.1.2.jar:3.1.2]
Caused by: org.h2.jdbc.JdbcSQLSyntaxErrorException: Błąd składniowy w wyrażeniu SQL "\000a    create table recruitment_stages (\000a        is_deleted boolean not null,\000a        [*]order integer not null,\000a        created_at timestamp(6) not null,\000a        id bigint generated by default as identity,\000a        pipeline_id bigint,\000a        updated_at timestamp(6),\000a        description varchar(1000),\000a        name varchar(255) not null unique,\000a        primary key (id)\000a    )"; oczekiwano "identifier"
Syntax error in SQL statement "\000a    create table recruitment_stages (\000a        is_deleted boolean not null,\000a        [*]order integer not null,\000a        created_at timestamp(6) not null,\000a        id bigint generated by default as identity,\000a        pipeline_id bigint,\000a        updated_at timestamp(6),\000a        description varchar(1000),\000a        name varchar(255) not null unique,\000a        primary key (id)\000a    )"; expected "identifier"; SQL statement:

    create table recruitment_stages (
        is_deleted boolean not null,
        order integer not null,
        created_at timestamp(6) not null,
        id bigint generated by default as identity,
        pipeline_id bigint,
        updated_at timestamp(6),
        description varchar(1000),
        name varchar(255) not null unique,
        primary key (id)
    ) [42001-224]
	at org.h2.message.DbException.getJdbcSQLException(DbException.java:514) ~[h2-2.2.224.jar:2.2.224]
	at org.h2.message.DbException.getJdbcSQLException(DbException.java:489) ~[h2-2.2.224.jar:2.2.224]
	at org.h2.message.DbException.getSyntaxError(DbException.java:261) ~[h2-2.2.224.jar:2.2.224]
	at org.h2.command.Parser.readIdentifier(Parser.java:5533) ~[h2-2.2.224.jar:2.2.224]
	at org.h2.command.Parser.parseTableColumnDefinition(Parser.java:8994) ~[h2-2.2.224.jar:2.2.224]
	at org.h2.command.Parser.parseCreateTable(Parser.java:8939) ~[h2-2.2.224.jar:2.2.224]
	at org.h2.command.Parser.parseCreate(Parser.java:6404) ~[h2-2.2.224.jar:2.2.224]
	at org.h2.command.Parser.parsePrepared(Parser.java:666) ~[h2-2.2.224.jar:2.2.224]
	at org.h2.command.Parser.parse(Parser.java:592) ~[h2-2.2.224.jar:2.2.224]
	at org.h2.command.Parser.parse(Parser.java:564) ~[h2-2.2.224.jar:2.2.224]
	at org.h2.command.Parser.prepareCommand(Parser.java:483) ~[h2-2.2.224.jar:2.2.224]
	at org.h2.engine.SessionLocal.prepareLocal(SessionLocal.java:639) ~[h2-2.2.224.jar:2.2.224]
	at org.h2.engine.SessionLocal.prepareCommand(SessionLocal.java:559) ~[h2-2.2.224.jar:2.2.224]
	at org.h2.jdbc.JdbcConnection.prepareCommand(JdbcConnection.java:1166) ~[h2-2.2.224.jar:2.2.224]
	at org.h2.jdbc.JdbcStatement.executeInternal(JdbcStatement.java:245) ~[h2-2.2.224.jar:2.2.224]
	at org.h2.jdbc.JdbcStatement.execute(JdbcStatement.java:231) ~[h2-2.2.224.jar:2.2.224]
	at org.hibernate.tool.schema.internal.exec.GenerationTargetToDatabase.accept(GenerationTargetToDatabase.java:80) ~[hibernate-core-6.3.1.Final.jar:6.3.1.Final]
	... 118 common frames omitted

2026-04-01T15:04:11.972+02:00 DEBUG 49572 --- [applicant-tracking-system] [           main] org.hibernate.SQL                        : 
    create table refresh_tokens (
        is_deleted boolean not null,
        is_revoked boolean not null,
        created_at timestamp(6) not null,
        expiry_date timestamp(6) not null,
        id bigint generated by default as identity,
        updated_at timestamp(6),
        user_id bigint not null,
        ip_address varchar(100),
        user_agent varchar(500),
        token varchar(255) not null unique,
        primary key (id)
    )
Hibernate: 
    create table refresh_tokens (
        is_deleted boolean not null,
        is_revoked boolean not null,
        created_at timestamp(6) not null,
        expiry_date timestamp(6) not null,
        id bigint generated by default as identity,
        updated_at timestamp(6),
        user_id bigint not null,
        ip_address varchar(100),
        user_agent varchar(500),
        token varchar(255) not null unique,
        primary key (id)
    )
2026-04-01T15:04:11.973+02:00 DEBUG 49572 --- [applicant-tracking-system] [           main] org.hibernate.SQL                        : 
    create table users (
        is_deleted boolean not null,
        created_at timestamp(6) not null,
        id bigint generated by default as identity,
        updated_at timestamp(6),
        email varchar(255) not null unique,
        first_name varchar(255) not null,
        last_name varchar(255) not null,
        password varchar(255) not null,
        role varchar(255) not null check (role in ('ADMIN','RECRUITER')),
        username varchar(255) not null unique,
        primary key (id)
    )
Hibernate: 
    create table users (
        is_deleted boolean not null,
        created_at timestamp(6) not null,
        id bigint generated by default as identity,
        updated_at timestamp(6),
        email varchar(255) not null unique,
        first_name varchar(255) not null,
        last_name varchar(255) not null,
        password varchar(255) not null,
        role varchar(255) not null check (role in ('ADMIN','RECRUITER')),
        username varchar(255) not null unique,
        primary key (id)
    )
2026-04-01T15:04:11.975+02:00 DEBUG 49572 --- [applicant-tracking-system] [           main] org.hibernate.SQL                        : 
    alter table if exists ai_analysis 
       add constraint FKg0h2bdfvmflvqe2935sg1aqsn 
       foreign key (cv_id) 
       references cvs
Hibernate: 
    alter table if exists ai_analysis 
       add constraint FKg0h2bdfvmflvqe2935sg1aqsn 
       foreign key (cv_id) 
       references cvs
2026-04-01T15:04:11.978+02:00 DEBUG 49572 --- [applicant-tracking-system] [           main] org.hibernate.SQL                        : 
    alter table if exists ai_analysis 
       add constraint FKsleles92kl63nwutm3h1jlgml 
       foreign key (job_offer_id) 
       references job_offers
Hibernate: 
    alter table if exists ai_analysis 
       add constraint FKsleles92kl63nwutm3h1jlgml 
       foreign key (job_offer_id) 
       references job_offers
2026-04-01T15:04:11.979+02:00 DEBUG 49572 --- [applicant-tracking-system] [           main] org.hibernate.SQL                        : 
    alter table if exists audit_logs 
       add constraint FKjs4iimve3y0xssbtve5ysyef0 
       foreign key (user_id) 
       references users
Hibernate: 
    alter table if exists audit_logs 
       add constraint FKjs4iimve3y0xssbtve5ysyef0 
       foreign key (user_id) 
       references users
2026-04-01T15:04:11.979+02:00 DEBUG 49572 --- [applicant-tracking-system] [           main] org.hibernate.SQL                        : 
    alter table if exists candidate_stage_history 
       add constraint FKknv0xkpbyu8t6to3ln33oibyh 
       foreign key (candidate_id) 
       references candidates
Hibernate: 
    alter table if exists candidate_stage_history 
       add constraint FKknv0xkpbyu8t6to3ln33oibyh 
       foreign key (candidate_id) 
       references candidates
2026-04-01T15:04:11.980+02:00 DEBUG 49572 --- [applicant-tracking-system] [           main] org.hibernate.SQL                        : 
    alter table if exists candidate_stage_history 
       add constraint FK5x0gn31wr29quo1lv4qcwgpxr 
       foreign key (changed_by_id) 
       references users
Hibernate: 
    alter table if exists candidate_stage_history 
       add constraint FK5x0gn31wr29quo1lv4qcwgpxr 
       foreign key (changed_by_id) 
       references users
2026-04-01T15:04:11.981+02:00 DEBUG 49572 --- [applicant-tracking-system] [           main] org.hibernate.SQL                        : 
    alter table if exists candidate_stage_history 
       add constraint FKnx67yxel9pu5gnb9dgdhvm2ca 
       foreign key (stage_id) 
       references recruitment_stages
Hibernate: 
    alter table if exists candidate_stage_history 
       add constraint FKnx67yxel9pu5gnb9dgdhvm2ca 
       foreign key (stage_id) 
       references recruitment_stages
2026-04-01T15:04:11.981+02:00  WARN 49572 --- [applicant-tracking-system] [           main] o.h.t.s.i.ExceptionHandlerLoggedImpl     : GenerationTarget encountered exception accepting command : Error executing DDL "
    alter table if exists candidate_stage_history 
       add constraint FKnx67yxel9pu5gnb9dgdhvm2ca 
       foreign key (stage_id) 
       references recruitment_stages" via JDBC [Tabela "RECRUITMENT_STAGES" nie istnieje
Table "RECRUITMENT_STAGES" not found;]

org.hibernate.tool.schema.spi.CommandAcceptanceException: Error executing DDL "
    alter table if exists candidate_stage_history 
       add constraint FKnx67yxel9pu5gnb9dgdhvm2ca 
       foreign key (stage_id) 
       references recruitment_stages" via JDBC [Tabela "RECRUITMENT_STAGES" nie istnieje
Table "RECRUITMENT_STAGES" not found;]
	at org.hibernate.tool.schema.internal.exec.GenerationTargetToDatabase.accept(GenerationTargetToDatabase.java:94) ~[hibernate-core-6.3.1.Final.jar:6.3.1.Final]
	at org.hibernate.tool.schema.internal.Helper.applySqlString(Helper.java:233) ~[hibernate-core-6.3.1.Final.jar:6.3.1.Final]
	at org.hibernate.tool.schema.internal.Helper.applySqlStrings(Helper.java:217) ~[hibernate-core-6.3.1.Final.jar:6.3.1.Final]
	at org.hibernate.tool.schema.internal.SchemaCreatorImpl.createForeignKeys(SchemaCreatorImpl.java:303) ~[hibernate-core-6.3.1.Final.jar:6.3.1.Final]
	at org.hibernate.tool.schema.internal.SchemaCreatorImpl.createFromMetadata(SchemaCreatorImpl.java:250) ~[hibernate-core-6.3.1.Final.jar:6.3.1.Final]
	at org.hibernate.tool.schema.internal.SchemaCreatorImpl.performCreation(SchemaCreatorImpl.java:172) ~[hibernate-core-6.3.1.Final.jar:6.3.1.Final]
	at org.hibernate.tool.schema.internal.SchemaCreatorImpl.doCreation(SchemaCreatorImpl.java:142) ~[hibernate-core-6.3.1.Final.jar:6.3.1.Final]
	at org.hibernate.tool.schema.internal.SchemaCreatorImpl.doCreation(SchemaCreatorImpl.java:118) ~[hibernate-core-6.3.1.Final.jar:6.3.1.Final]
	at org.hibernate.tool.schema.spi.SchemaManagementToolCoordinator.performDatabaseAction(SchemaManagementToolCoordinator.java:256) ~[hibernate-core-6.3.1.Final.jar:6.3.1.Final]
	at org.hibernate.tool.schema.spi.SchemaManagementToolCoordinator.lambda$process$5(SchemaManagementToolCoordinator.java:145) ~[hibernate-core-6.3.1.Final.jar:6.3.1.Final]
	at java.base/java.util.HashMap.forEach(HashMap.java:1430) ~[na:na]
	at org.hibernate.tool.schema.spi.SchemaManagementToolCoordinator.process(SchemaManagementToolCoordinator.java:142) ~[hibernate-core-6.3.1.Final.jar:6.3.1.Final]
	at org.hibernate.boot.internal.SessionFactoryObserverForSchemaExport.sessionFactoryCreated(SessionFactoryObserverForSchemaExport.java:37) ~[hibernate-core-6.3.1.Final.jar:6.3.1.Final]
	at org.hibernate.internal.SessionFactoryObserverChain.sessionFactoryCreated(SessionFactoryObserverChain.java:35) ~[hibernate-core-6.3.1.Final.jar:6.3.1.Final]
	at org.hibernate.internal.SessionFactoryImpl.<init>(SessionFactoryImpl.java:295) ~[hibernate-core-6.3.1.Final.jar:6.3.1.Final]
	at org.hibernate.boot.internal.SessionFactoryBuilderImpl.build(SessionFactoryBuilderImpl.java:450) ~[hibernate-core-6.3.1.Final.jar:6.3.1.Final]
	at org.hibernate.jpa.boot.internal.EntityManagerFactoryBuilderImpl.build(EntityManagerFactoryBuilderImpl.java:1507) ~[hibernate-core-6.3.1.Final.jar:6.3.1.Final]
	at org.springframework.orm.jpa.vendor.SpringHibernateJpaPersistenceProvider.createContainerEntityManagerFactory(SpringHibernateJpaPersistenceProvider.java:75) ~[spring-orm-6.1.1.jar:6.1.1]
	at org.springframework.orm.jpa.LocalContainerEntityManagerFactoryBean.createNativeEntityManagerFactory(LocalContainerEntityManagerFactoryBean.java:376) ~[spring-orm-6.1.1.jar:6.1.1]
	at org.springframework.orm.jpa.AbstractEntityManagerFactoryBean.buildNativeEntityManagerFactory(AbstractEntityManagerFactoryBean.java:409) ~[spring-orm-6.1.1.jar:6.1.1]
	at org.springframework.orm.jpa.AbstractEntityManagerFactoryBean.afterPropertiesSet(AbstractEntityManagerFactoryBean.java:396) ~[spring-orm-6.1.1.jar:6.1.1]
	at org.springframework.orm.jpa.LocalContainerEntityManagerFactoryBean.afterPropertiesSet(LocalContainerEntityManagerFactoryBean.java:352) ~[spring-orm-6.1.1.jar:6.1.1]
	at org.springframework.beans.factory.support.AbstractAutowireCapableBeanFactory.invokeInitMethods(AbstractAutowireCapableBeanFactory.java:1822) ~[spring-beans-6.1.1.jar:6.1.1]
	at org.springframework.beans.factory.support.AbstractAutowireCapableBeanFactory.initializeBean(AbstractAutowireCapableBeanFactory.java:1771) ~[spring-beans-6.1.1.jar:6.1.1]
	at org.springframework.beans.factory.support.AbstractAutowireCapableBeanFactory.doCreateBean(AbstractAutowireCapableBeanFactory.java:601) ~[spring-beans-6.1.1.jar:6.1.1]
	at org.springframework.beans.factory.support.AbstractAutowireCapableBeanFactory.createBean(AbstractAutowireCapableBeanFactory.java:523) ~[spring-beans-6.1.1.jar:6.1.1]
	at org.springframework.beans.factory.support.AbstractBeanFactory.lambda$doGetBean$0(AbstractBeanFactory.java:325) ~[spring-beans-6.1.1.jar:6.1.1]
	at org.springframework.beans.factory.support.DefaultSingletonBeanRegistry.getSingleton(DefaultSingletonBeanRegistry.java:234) ~[spring-beans-6.1.1.jar:6.1.1]
	at org.springframework.beans.factory.support.AbstractBeanFactory.doGetBean(AbstractBeanFactory.java:323) ~[spring-beans-6.1.1.jar:6.1.1]
	at org.springframework.beans.factory.support.AbstractBeanFactory.getBean(AbstractBeanFactory.java:199) ~[spring-beans-6.1.1.jar:6.1.1]
	at org.springframework.context.support.AbstractApplicationContext.getBean(AbstractApplicationContext.java:1173) ~[spring-context-6.1.1.jar:6.1.1]
	at org.springframework.context.support.AbstractApplicationContext.finishBeanFactoryInitialization(AbstractApplicationContext.java:936) ~[spring-context-6.1.1.jar:6.1.1]
	at org.springframework.context.support.AbstractApplicationContext.refresh(AbstractApplicationContext.java:616) ~[spring-context-6.1.1.jar:6.1.1]
	at org.springframework.boot.SpringApplication.refresh(SpringApplication.java:753) ~[spring-boot-3.2.0.jar:3.2.0]
	at org.springframework.boot.SpringApplication.refreshContext(SpringApplication.java:455) ~[spring-boot-3.2.0.jar:3.2.0]
	at org.springframework.boot.SpringApplication.run(SpringApplication.java:323) ~[spring-boot-3.2.0.jar:3.2.0]
	at org.springframework.boot.test.context.SpringBootContextLoader.lambda$loadContext$3(SpringBootContextLoader.java:137) ~[spring-boot-test-3.2.0.jar:3.2.0]
	at org.springframework.util.function.ThrowingSupplier.get(ThrowingSupplier.java:58) ~[spring-core-6.1.1.jar:6.1.1]
	at org.springframework.util.function.ThrowingSupplier.get(ThrowingSupplier.java:46) ~[spring-core-6.1.1.jar:6.1.1]
	at org.springframework.boot.SpringApplication.withHook(SpringApplication.java:1442) ~[spring-boot-3.2.0.jar:3.2.0]
	at org.springframework.boot.test.context.SpringBootContextLoader$ContextLoaderHook.run(SpringBootContextLoader.java:552) ~[spring-boot-test-3.2.0.jar:3.2.0]
	at org.springframework.boot.test.context.SpringBootContextLoader.loadContext(SpringBootContextLoader.java:137) ~[spring-boot-test-3.2.0.jar:3.2.0]
	at org.springframework.boot.test.context.SpringBootContextLoader.loadContext(SpringBootContextLoader.java:108) ~[spring-boot-test-3.2.0.jar:3.2.0]
	at org.springframework.test.context.cache.DefaultCacheAwareContextLoaderDelegate.loadContextInternal(DefaultCacheAwareContextLoaderDelegate.java:225) ~[spring-test-6.1.1.jar:6.1.1]
	at org.springframework.test.context.cache.DefaultCacheAwareContextLoaderDelegate.loadContext(DefaultCacheAwareContextLoaderDelegate.java:152) ~[spring-test-6.1.1.jar:6.1.1]
	at org.springframework.test.context.support.DefaultTestContext.getApplicationContext(DefaultTestContext.java:130) ~[spring-test-6.1.1.jar:6.1.1]
	at org.springframework.test.context.web.ServletTestExecutionListener.setUpRequestContextIfNecessary(ServletTestExecutionListener.java:191) ~[spring-test-6.1.1.jar:6.1.1]
	at org.springframework.test.context.web.ServletTestExecutionListener.prepareTestInstance(ServletTestExecutionListener.java:130) ~[spring-test-6.1.1.jar:6.1.1]
	at org.springframework.test.context.TestContextManager.prepareTestInstance(TestContextManager.java:247) ~[spring-test-6.1.1.jar:6.1.1]
	at org.springframework.test.context.junit.jupiter.SpringExtension.postProcessTestInstance(SpringExtension.java:163) ~[spring-test-6.1.1.jar:6.1.1]
	at org.junit.jupiter.engine.descriptor.ClassBasedTestDescriptor.lambda$invokeTestInstancePostProcessors$10(ClassBasedTestDescriptor.java:378) ~[junit-jupiter-engine-5.10.1.jar:5.10.1]
	at org.junit.jupiter.engine.descriptor.ClassBasedTestDescriptor.executeAndMaskThrowable(ClassBasedTestDescriptor.java:383) ~[junit-jupiter-engine-5.10.1.jar:5.10.1]
	at org.junit.jupiter.engine.descriptor.ClassBasedTestDescriptor.lambda$invokeTestInstancePostProcessors$11(ClassBasedTestDescriptor.java:378) ~[junit-jupiter-engine-5.10.1.jar:5.10.1]
	at java.base/java.util.stream.ReferencePipeline$3$1.accept(ReferencePipeline.java:214) ~[na:na]
	at java.base/java.util.stream.ReferencePipeline$2$1.accept(ReferencePipeline.java:197) ~[na:na]
	at java.base/java.util.ArrayList$ArrayListSpliterator.forEachRemaining(ArrayList.java:1716) ~[na:na]
	at java.base/java.util.stream.AbstractPipeline.copyInto(AbstractPipeline.java:570) ~[na:na]
	at java.base/java.util.stream.AbstractPipeline.wrapAndCopyInto(AbstractPipeline.java:560) ~[na:na]
	at java.base/java.util.stream.StreamSpliterators$WrappingSpliterator.forEachRemaining(StreamSpliterators.java:315) ~[na:na]
	at java.base/java.util.stream.Streams$ConcatSpliterator.forEachRemaining(Streams.java:735) ~[na:na]
	at java.base/java.util.stream.Streams$ConcatSpliterator.forEachRemaining(Streams.java:734) ~[na:na]
	at java.base/java.util.stream.ReferencePipeline$Head.forEach(ReferencePipeline.java:803) ~[na:na]
	at org.junit.jupiter.engine.descriptor.ClassBasedTestDescriptor.invokeTestInstancePostProcessors(ClassBasedTestDescriptor.java:377) ~[junit-jupiter-engine-5.10.1.jar:5.10.1]
	at org.junit.jupiter.engine.descriptor.ClassBasedTestDescriptor.lambda$instantiateAndPostProcessTestInstance$6(ClassBasedTestDescriptor.java:290) ~[junit-jupiter-engine-5.10.1.jar:5.10.1]
	at org.junit.platform.engine.support.hierarchical.ThrowableCollector.execute(ThrowableCollector.java:73) ~[junit-platform-engine-1.10.1.jar:1.10.1]
	at org.junit.jupiter.engine.descriptor.ClassBasedTestDescriptor.instantiateAndPostProcessTestInstance(ClassBasedTestDescriptor.java:289) ~[junit-jupiter-engine-5.10.1.jar:5.10.1]
	at org.junit.jupiter.engine.descriptor.ClassBasedTestDescriptor.lambda$testInstancesProvider$4(ClassBasedTestDescriptor.java:279) ~[junit-jupiter-engine-5.10.1.jar:5.10.1]
	at java.base/java.util.Optional.orElseGet(Optional.java:364) ~[na:na]
	at org.junit.jupiter.engine.descriptor.ClassBasedTestDescriptor.lambda$testInstancesProvider$5(ClassBasedTestDescriptor.java:278) ~[junit-jupiter-engine-5.10.1.jar:5.10.1]
	at org.junit.jupiter.engine.execution.TestInstancesProvider.getTestInstances(TestInstancesProvider.java:31) ~[junit-jupiter-engine-5.10.1.jar:5.10.1]
	at org.junit.jupiter.engine.descriptor.TestMethodTestDescriptor.lambda$prepare$0(TestMethodTestDescriptor.java:106) ~[junit-jupiter-engine-5.10.1.jar:5.10.1]
	at org.junit.platform.engine.support.hierarchical.ThrowableCollector.execute(ThrowableCollector.java:73) ~[junit-platform-engine-1.10.1.jar:1.10.1]
	at org.junit.jupiter.engine.descriptor.TestMethodTestDescriptor.prepare(TestMethodTestDescriptor.java:105) ~[junit-jupiter-engine-5.10.1.jar:5.10.1]
	at org.junit.jupiter.engine.descriptor.TestMethodTestDescriptor.prepare(TestMethodTestDescriptor.java:69) ~[junit-jupiter-engine-5.10.1.jar:5.10.1]
	at org.junit.platform.engine.support.hierarchical.NodeTestTask.lambda$prepare$2(NodeTestTask.java:123) ~[junit-platform-engine-1.10.1.jar:1.10.1]
	at org.junit.platform.engine.support.hierarchical.ThrowableCollector.execute(ThrowableCollector.java:73) ~[junit-platform-engine-1.10.1.jar:1.10.1]
	at org.junit.platform.engine.support.hierarchical.NodeTestTask.prepare(NodeTestTask.java:123) ~[junit-platform-engine-1.10.1.jar:1.10.1]
	at org.junit.platform.engine.support.hierarchical.NodeTestTask.execute(NodeTestTask.java:90) ~[junit-platform-engine-1.10.1.jar:1.10.1]
	at java.base/java.util.ArrayList.forEach(ArrayList.java:1604) ~[na:na]
	at org.junit.platform.engine.support.hierarchical.SameThreadHierarchicalTestExecutorService.invokeAll(SameThreadHierarchicalTestExecutorService.java:41) ~[junit-platform-engine-1.10.1.jar:1.10.1]
	at org.junit.platform.engine.support.hierarchical.NodeTestTask.lambda$executeRecursively$6(NodeTestTask.java:155) ~[junit-platform-engine-1.10.1.jar:1.10.1]
	at org.junit.platform.engine.support.hierarchical.ThrowableCollector.execute(ThrowableCollector.java:73) ~[junit-platform-engine-1.10.1.jar:1.10.1]
	at org.junit.platform.engine.support.hierarchical.NodeTestTask.lambda$executeRecursively$8(NodeTestTask.java:141) ~[junit-platform-engine-1.10.1.jar:1.10.1]
	at org.junit.platform.engine.support.hierarchical.Node.around(Node.java:137) ~[junit-platform-engine-1.10.1.jar:1.10.1]
	at org.junit.platform.engine.support.hierarchical.NodeTestTask.lambda$executeRecursively$9(NodeTestTask.java:139) ~[junit-platform-engine-1.10.1.jar:1.10.1]
	at org.junit.platform.engine.support.hierarchical.ThrowableCollector.execute(ThrowableCollector.java:73) ~[junit-platform-engine-1.10.1.jar:1.10.1]
	at org.junit.platform.engine.support.hierarchical.NodeTestTask.executeRecursively(NodeTestTask.java:138) ~[junit-platform-engine-1.10.1.jar:1.10.1]
	at org.junit.platform.engine.support.hierarchical.NodeTestTask.execute(NodeTestTask.java:95) ~[junit-platform-engine-1.10.1.jar:1.10.1]
	at java.base/java.util.ArrayList.forEach(ArrayList.java:1604) ~[na:na]
	at org.junit.platform.engine.support.hierarchical.SameThreadHierarchicalTestExecutorService.invokeAll(SameThreadHierarchicalTestExecutorService.java:41) ~[junit-platform-engine-1.10.1.jar:1.10.1]
	at org.junit.platform.engine.support.hierarchical.NodeTestTask.lambda$executeRecursively$6(NodeTestTask.java:155) ~[junit-platform-engine-1.10.1.jar:1.10.1]
	at org.junit.platform.engine.support.hierarchical.ThrowableCollector.execute(ThrowableCollector.java:73) ~[junit-platform-engine-1.10.1.jar:1.10.1]
	at org.junit.platform.engine.support.hierarchical.NodeTestTask.lambda$executeRecursively$8(NodeTestTask.java:141) ~[junit-platform-engine-1.10.1.jar:1.10.1]
	at org.junit.platform.engine.support.hierarchical.Node.around(Node.java:137) ~[junit-platform-engine-1.10.1.jar:1.10.1]
	at org.junit.platform.engine.support.hierarchical.NodeTestTask.lambda$executeRecursively$9(NodeTestTask.java:139) ~[junit-platform-engine-1.10.1.jar:1.10.1]
	at org.junit.platform.engine.support.hierarchical.ThrowableCollector.execute(ThrowableCollector.java:73) ~[junit-platform-engine-1.10.1.jar:1.10.1]
	at org.junit.platform.engine.support.hierarchical.NodeTestTask.executeRecursively(NodeTestTask.java:138) ~[junit-platform-engine-1.10.1.jar:1.10.1]
	at org.junit.platform.engine.support.hierarchical.NodeTestTask.execute(NodeTestTask.java:95) ~[junit-platform-engine-1.10.1.jar:1.10.1]
	at org.junit.platform.engine.support.hierarchical.SameThreadHierarchicalTestExecutorService.submit(SameThreadHierarchicalTestExecutorService.java:35) ~[junit-platform-engine-1.10.1.jar:1.10.1]
	at org.junit.platform.engine.support.hierarchical.HierarchicalTestExecutor.execute(HierarchicalTestExecutor.java:57) ~[junit-platform-engine-1.10.1.jar:1.10.1]
	at org.junit.platform.engine.support.hierarchical.HierarchicalTestEngine.execute(HierarchicalTestEngine.java:54) ~[junit-platform-engine-1.10.1.jar:1.10.1]
	at org.junit.platform.launcher.core.EngineExecutionOrchestrator.execute(EngineExecutionOrchestrator.java:198) ~[junit-platform-launcher-1.10.1.jar:1.10.1]
	at org.junit.platform.launcher.core.EngineExecutionOrchestrator.execute(EngineExecutionOrchestrator.java:169) ~[junit-platform-launcher-1.10.1.jar:1.10.1]
	at org.junit.platform.launcher.core.EngineExecutionOrchestrator.execute(EngineExecutionOrchestrator.java:93) ~[junit-platform-launcher-1.10.1.jar:1.10.1]
	at org.junit.platform.launcher.core.EngineExecutionOrchestrator.lambda$execute$0(EngineExecutionOrchestrator.java:58) ~[junit-platform-launcher-1.10.1.jar:1.10.1]
	at org.junit.platform.launcher.core.EngineExecutionOrchestrator.withInterceptedStreams(EngineExecutionOrchestrator.java:141) ~[junit-platform-launcher-1.10.1.jar:1.10.1]
	at org.junit.platform.launcher.core.EngineExecutionOrchestrator.execute(EngineExecutionOrchestrator.java:57) ~[junit-platform-launcher-1.10.1.jar:1.10.1]
	at org.junit.platform.launcher.core.DefaultLauncher.execute(DefaultLauncher.java:103) ~[junit-platform-launcher-1.10.1.jar:1.10.1]
	at org.junit.platform.launcher.core.DefaultLauncher.execute(DefaultLauncher.java:85) ~[junit-platform-launcher-1.10.1.jar:1.10.1]
	at org.junit.platform.launcher.core.DelegatingLauncher.execute(DelegatingLauncher.java:47) ~[junit-platform-launcher-1.10.1.jar:1.10.1]
	at org.apache.maven.surefire.junitplatform.LazyLauncher.execute(LazyLauncher.java:56) ~[surefire-junit-platform-3.1.2.jar:3.1.2]
	at org.apache.maven.surefire.junitplatform.JUnitPlatformProvider.execute(JUnitPlatformProvider.java:184) ~[surefire-junit-platform-3.1.2.jar:3.1.2]
	at org.apache.maven.surefire.junitplatform.JUnitPlatformProvider.invokeAllTests(JUnitPlatformProvider.java:148) ~[surefire-junit-platform-3.1.2.jar:3.1.2]
	at org.apache.maven.surefire.junitplatform.JUnitPlatformProvider.invoke(JUnitPlatformProvider.java:122) ~[surefire-junit-platform-3.1.2.jar:3.1.2]
	at org.apache.maven.surefire.booter.ForkedBooter.runSuitesInProcess(ForkedBooter.java:385) ~[surefire-booter-3.1.2.jar:3.1.2]
	at org.apache.maven.surefire.booter.ForkedBooter.execute(ForkedBooter.java:162) ~[surefire-booter-3.1.2.jar:3.1.2]
	at org.apache.maven.surefire.booter.ForkedBooter.run(ForkedBooter.java:507) ~[surefire-booter-3.1.2.jar:3.1.2]
	at org.apache.maven.surefire.booter.ForkedBooter.main(ForkedBooter.java:495) ~[surefire-booter-3.1.2.jar:3.1.2]
Caused by: org.h2.jdbc.JdbcSQLSyntaxErrorException: Tabela "RECRUITMENT_STAGES" nie istnieje
Table "RECRUITMENT_STAGES" not found; SQL statement:

    alter table if exists candidate_stage_history 
       add constraint FKnx67yxel9pu5gnb9dgdhvm2ca 
       foreign key (stage_id) 
       references recruitment_s [42102-224]
	at org.h2.message.DbException.getJdbcSQLException(DbException.java:514) ~[h2-2.2.224.jar:2.2.224]
	at org.h2.message.DbException.getJdbcSQLException(DbException.java:489) ~[h2-2.2.224.jar:2.2.224]
	at org.h2.message.DbException.get(DbException.java:223) ~[h2-2.2.224.jar:2.2.224]
	at org.h2.message.DbException.get(DbException.java:199) ~[h2-2.2.224.jar:2.2.224]
	at org.h2.command.ddl.AlterTableAddConstraint.tryUpdate(AlterTableAddConstraint.java:204) ~[h2-2.2.224.jar:2.2.224]
	at org.h2.command.ddl.AlterTableAddConstraint.update(AlterTableAddConstraint.java:74) ~[h2-2.2.224.jar:2.2.224]
	at org.h2.command.ddl.AlterTable.update(AlterTable.java:46) ~[h2-2.2.224.jar:2.2.224]
	at org.h2.command.CommandContainer.update(CommandContainer.java:169) ~[h2-2.2.224.jar:2.2.224]
	at org.h2.command.Command.executeUpdate(Command.java:256) ~[h2-2.2.224.jar:2.2.224]
	at org.h2.jdbc.JdbcStatement.executeInternal(JdbcStatement.java:262) ~[h2-2.2.224.jar:2.2.224]
	at org.h2.jdbc.JdbcStatement.execute(JdbcStatement.java:231) ~[h2-2.2.224.jar:2.2.224]
	at org.hibernate.tool.schema.internal.exec.GenerationTargetToDatabase.accept(GenerationTargetToDatabase.java:80) ~[hibernate-core-6.3.1.Final.jar:6.3.1.Final]
	... 117 common frames omitted

2026-04-01T15:04:11.982+02:00 DEBUG 49572 --- [applicant-tracking-system] [           main] org.hibernate.SQL                        : 
    alter table if exists cvs 
       add constraint FKpiu4o0wcsluogg8mld4q1s53i 
       foreign key (candidate_id) 
       references candidates
Hibernate: 
    alter table if exists cvs 
       add constraint FKpiu4o0wcsluogg8mld4q1s53i 
       foreign key (candidate_id) 
       references candidates
2026-04-01T15:04:11.983+02:00 DEBUG 49572 --- [applicant-tracking-system] [           main] org.hibernate.SQL                        : 
    alter table if exists job_offer_candidates 
       add constraint FKev16h99ov9leruncstku8vcts 
       foreign key (candidate_id) 
       references candidates
Hibernate: 
    alter table if exists job_offer_candidates 
       add constraint FKev16h99ov9leruncstku8vcts 
       foreign key (candidate_id) 
       references candidates
2026-04-01T15:04:11.984+02:00 DEBUG 49572 --- [applicant-tracking-system] [           main] org.hibernate.SQL                        : 
    alter table if exists job_offer_candidates 
       add constraint FKt0k5btl6mqpptv01d796ku8xb 
       foreign key (job_offer_id) 
       references job_offers
Hibernate: 
    alter table if exists job_offer_candidates 
       add constraint FKt0k5btl6mqpptv01d796ku8xb 
       foreign key (job_offer_id) 
       references job_offers
2026-04-01T15:04:11.984+02:00 DEBUG 49572 --- [applicant-tracking-system] [           main] org.hibernate.SQL                        : 
    alter table if exists job_offers 
       add constraint FKikqt5afmiv04padpcmd4i5aft 
       foreign key (assigned_to_id) 
       references users
Hibernate: 
    alter table if exists job_offers 
       add constraint FKikqt5afmiv04padpcmd4i5aft 
       foreign key (assigned_to_id) 
       references users
2026-04-01T15:04:11.985+02:00 DEBUG 49572 --- [applicant-tracking-system] [           main] org.hibernate.SQL                        : 
    alter table if exists job_offers 
       add constraint FKcen1ku8hc8r0t1k85uy7x1u1j 
       foreign key (created_by_id) 
       references users
Hibernate: 
    alter table if exists job_offers 
       add constraint FKcen1ku8hc8r0t1k85uy7x1u1j 
       foreign key (created_by_id) 
       references users
2026-04-01T15:04:11.985+02:00 DEBUG 49572 --- [applicant-tracking-system] [           main] org.hibernate.SQL                        : 
    alter table if exists recruitment_pipelines 
       add constraint FKryqfghs79uig8gwsk9puuarj7 
       foreign key (created_by_id) 
       references users
Hibernate: 
    alter table if exists recruitment_pipelines 
       add constraint FKryqfghs79uig8gwsk9puuarj7 
       foreign key (created_by_id) 
       references users
2026-04-01T15:04:11.986+02:00 DEBUG 49572 --- [applicant-tracking-system] [           main] org.hibernate.SQL                        : 
    alter table if exists recruitment_pipelines 
       add constraint FKjg6wqbsxp6gl15ow773ef9lnq 
       foreign key (job_offer_id) 
       references job_offers
Hibernate: 
    alter table if exists recruitment_pipelines 
       add constraint FKjg6wqbsxp6gl15ow773ef9lnq 
       foreign key (job_offer_id) 
       references job_offers
2026-04-01T15:04:11.986+02:00 DEBUG 49572 --- [applicant-tracking-system] [           main] org.hibernate.SQL                        : 
    alter table if exists recruitment_stages 
       add constraint FKdnfml4ov7puve2gw39elvsk50 
       foreign key (pipeline_id) 
       references recruitment_pipelines
Hibernate: 
    alter table if exists recruitment_stages 
       add constraint FKdnfml4ov7puve2gw39elvsk50 
       foreign key (pipeline_id) 
       references recruitment_pipelines
2026-04-01T15:04:11.986+02:00 DEBUG 49572 --- [applicant-tracking-system] [           main] org.hibernate.SQL                        : 
    alter table if exists refresh_tokens 
       add constraint FK1lih5y2npsf8u5o3vhdb9y0os 
       foreign key (user_id) 
       references users
Hibernate: 
    alter table if exists refresh_tokens 
       add constraint FK1lih5y2npsf8u5o3vhdb9y0os 
       foreign key (user_id) 
       references users
2026-04-01T15:04:11.988+02:00  INFO 49572 --- [applicant-tracking-system] [           main] j.LocalContainerEntityManagerFactoryBean : Initialized JPA EntityManagerFactory for persistence unit 'default'
2026-04-01T15:04:12.149+02:00  INFO 49572 --- [applicant-tracking-system] [           main] o.s.d.j.r.query.QueryEnhancerFactory     : Hibernate is in classpath; If applicable, HQL parser will be used.
2026-04-01T15:04:12.595+02:00  WARN 49572 --- [applicant-tracking-system] [           main] JpaBaseConfiguration$JpaWebConfiguration : spring.jpa.open-in-view is enabled by default. Therefore, database queries may be performed during view rendering. Explicitly configure spring.jpa.open-in-view to disable this warning
2026-04-01T15:04:12.716+02:00  INFO 49572 --- [applicant-tracking-system] [           main] o.s.s.web.DefaultSecurityFilterChain     : Will secure any request with [org.springframework.security.web.session.DisableEncodeUrlFilter@4be4680b, org.springframework.security.web.context.request.async.WebAsyncManagerIntegrationFilter@f829512, org.springframework.security.web.context.SecurityContextHolderFilter@3b5cf4c6, org.springframework.security.web.header.HeaderWriterFilter@4e6a75a3, org.springframework.web.filter.CorsFilter@1ce3ddfd, org.springframework.security.web.authentication.logout.LogoutFilter@1267fcea, com.ats.security.JwtAuthenticationFilter@6195ce27, org.springframework.security.web.savedrequest.RequestCacheAwareFilter@4c775b94, org.springframework.security.web.servletapi.SecurityContextHolderAwareRequestFilter@3fcb6c7b, org.springframework.security.web.authentication.AnonymousAuthenticationFilter@e7ecfb9, org.springframework.security.web.session.SessionManagementFilter@9fc9166, org.springframework.security.web.access.ExceptionTranslationFilter@79b2b427, org.springframework.security.web.access.intercept.AuthorizationFilter@5e535e23]
2026-04-01T15:04:12.821+02:00  INFO 49572 --- [applicant-tracking-system] [           main] o.s.b.a.h2.H2ConsoleAutoConfiguration    : H2 console available at '/h2-console'. Database available at 'jdbc:h2:mem:ae27c25b-b042-4f24-975b-0b4ca88698c5'
2026-04-01T15:04:12.840+02:00  INFO 49572 --- [applicant-tracking-system] [           main] c.a.i.AuthControllerIntegrationTest      : Started AuthControllerIntegrationTest in 1.974 seconds (process running for 2.269)
2026-04-01T15:04:12.867+02:00 DEBUG 49572 --- [applicant-tracking-system] [           main] org.hibernate.SQL                        : 
    select
        count(*) 
    from
        users u1_0
Hibernate: 
    select
        count(*) 
    from
        users u1_0
2026-04-01T15:04:13.030+02:00 DEBUG 49572 --- [applicant-tracking-system] [           main] org.hibernate.SQL                        : 
    insert 
    into
        users
        (created_at, email, first_name, is_deleted, last_name, password, role, updated_at, username, id) 
    values
        (?, ?, ?, ?, ?, ?, ?, ?, ?, default)
Hibernate: 
    insert 
    into
        users
        (created_at, email, first_name, is_deleted, last_name, password, role, updated_at, username, id) 
    values
        (?, ?, ?, ?, ?, ?, ?, ?, ?, default)
2026-04-01T15:04:13.037+02:00 DEBUG 49572 --- [applicant-tracking-system] [           main] org.hibernate.SQL                        : 
    insert 
    into
        users
        (created_at, email, first_name, is_deleted, last_name, password, role, updated_at, username, id) 
    values
        (?, ?, ?, ?, ?, ?, ?, ?, ?, default)
Hibernate: 
    insert 
    into
        users
        (created_at, email, first_name, is_deleted, last_name, password, role, updated_at, username, id) 
    values
        (?, ?, ?, ?, ?, ?, ?, ?, ?, default)
Default users created successfully!
Admin: admin@ats.com / admin123
Recruiter: recruiter@ats.com / recruiter123
2026-04-01T15:04:13.039+02:00 DEBUG 49572 --- [applicant-tracking-system] [           main] org.hibernate.SQL                        : 
    select
        count(*) 
    from
        candidates c1_0
Hibernate: 
    select
        count(*) 
    from
        candidates c1_0
2026-04-01T15:04:13.044+02:00 DEBUG 49572 --- [applicant-tracking-system] [           main] org.hibernate.SQL                        : 
    insert 
    into
        candidates
        (created_at, education, email, experience, first_name, is_deleted, last_name, phone, skills, summary, updated_at, id) 
    values
        (?, ?, ?, ?, ?, ?, ?, ?, ?, ?, ?, default)
Hibernate: 
    insert 
    into
        candidates
        (created_at, education, email, experience, first_name, is_deleted, last_name, phone, skills, summary, updated_at, id) 
    values
        (?, ?, ?, ?, ?, ?, ?, ?, ?, ?, ?, default)
Sample candidate created successfully!
2026-04-01T15:04:13.047+02:00 DEBUG 49572 --- [applicant-tracking-system] [           main] org.hibernate.SQL                        : 
    select
        count(*) 
    from
        job_offers jo1_0
Hibernate: 
    select
        count(*) 
    from
        job_offers jo1_0
2026-04-01T15:04:13.069+02:00 DEBUG 49572 --- [applicant-tracking-system] [           main] org.hibernate.SQL                        : 
    select
        u1_0.id,
        u1_0.created_at,
        u1_0.email,
        u1_0.first_name,
        u1_0.is_deleted,
        u1_0.last_name,
        u1_0.password,
        u1_0.role,
        u1_0.updated_at,
        u1_0.username 
    from
        users u1_0 
    where
        u1_0.username=?
Hibernate: 
    select
        u1_0.id,
        u1_0.created_at,
        u1_0.email,
        u1_0.first_name,
        u1_0.is_deleted,
        u1_0.last_name,
        u1_0.password,
        u1_0.role,
        u1_0.updated_at,
        u1_0.username 
    from
        users u1_0 
    where
        u1_0.username=?
2026-04-01T15:04:13.078+02:00 DEBUG 49572 --- [applicant-tracking-system] [           main] org.hibernate.SQL                        : 
    insert 
    into
        job_offers
        (assigned_to_id, benefits, created_at, created_by_id, description, is_deleted, location, requirements, salary_max, salary_min, status, title, updated_at, id) 
    values
        (?, ?, ?, ?, ?, ?, ?, ?, ?, ?, ?, ?, ?, default)
Hibernate: 
    insert 
    into
        job_offers
        (assigned_to_id, benefits, created_at, created_by_id, description, is_deleted, location, requirements, salary_max, salary_min, status, title, updated_at, id) 
    values
        (?, ?, ?, ?, ?, ?, ?, ?, ?, ?, ?, ?, ?, default)
Sample job offer created successfully!
2026-04-01T15:04:13.307+02:00  INFO 49572 --- [applicant-tracking-system] [           main] o.s.b.t.m.w.SpringBootMockServletContext : Initializing Spring TestDispatcherServlet ''
2026-04-01T15:04:13.307+02:00  INFO 49572 --- [applicant-tracking-system] [           main] o.s.t.web.servlet.TestDispatcherServlet  : Initializing Servlet ''
2026-04-01T15:04:13.308+02:00  INFO 49572 --- [applicant-tracking-system] [           main] o.s.t.web.servlet.TestDispatcherServlet  : Completed initialization in 1 ms
2026-04-01T15:04:13.365+02:00 DEBUG 49572 --- [applicant-tracking-system] [           main] org.hibernate.SQL                        : 
    insert 
    into
        users
        (created_at, email, first_name, is_deleted, last_name, password, role, updated_at, username, id) 
    values
        (?, ?, ?, ?, ?, ?, ?, ?, ?, default)
Hibernate: 
    insert 
    into
        users
        (created_at, email, first_name, is_deleted, last_name, password, role, updated_at, username, id) 
    values
        (?, ?, ?, ?, ?, ?, ?, ?, ?, default)
2026-04-01T15:04:13.380+02:00 DEBUG 49572 --- [applicant-tracking-system] [           main] o.s.security.web.FilterChainProxy        : Securing POST /api/auth/login
Processing request: POST /api/auth/login
No Bearer token found in header
2026-04-01T15:04:13.382+02:00 DEBUG 49572 --- [applicant-tracking-system] [           main] o.s.s.w.a.AnonymousAuthenticationFilter  : Set SecurityContextHolder to anonymous SecurityContext
2026-04-01T15:04:13.383+02:00 DEBUG 49572 --- [applicant-tracking-system] [           main] o.s.security.web.FilterChainProxy        : Secured POST /api/auth/login
2026-04-01T15:04:13.401+02:00 DEBUG 49572 --- [applicant-tracking-system] [           main] org.hibernate.SQL                        : 
    select
        u1_0.id,
        u1_0.created_at,
        u1_0.email,
        u1_0.first_name,
        u1_0.is_deleted,
        u1_0.last_name,
        u1_0.password,
        u1_0.role,
        u1_0.updated_at,
        u1_0.username 
    from
        users u1_0 
    where
        u1_0.username=?
Hibernate: 
    select
        u1_0.id,
        u1_0.created_at,
        u1_0.email,
        u1_0.first_name,
        u1_0.is_deleted,
        u1_0.last_name,
        u1_0.password,
        u1_0.role,
        u1_0.updated_at,
        u1_0.username 
    from
        users u1_0 
    where
        u1_0.username=?
]]></system-out>
    <system-err><![CDATA[WARNING: A Java agent has been loaded dynamically (/Users/konradstudzinski/.m2/repository/net/bytebuddy/byte-buddy-agent/1.14.10/byte-buddy-agent-1.14.10.jar)
WARNING: If a serviceability tool is in use, please run with -XX:+EnableDynamicAgentLoading to hide this warning
WARNING: If a serviceability tool is not in use, please run with -Djdk.instrument.traceUsage for more information
WARNING: Dynamic loading of agents will be disallowed by default in a future release
]]></system-err>
  </testcase>
  <testcase name="testRefreshToken_Success" classname="com.ats.integration.AuthControllerIntegrationTest" time="0.132">
    <system-out><![CDATA[2026-04-01T15:04:13.493+02:00  INFO 49572 --- [applicant-tracking-system] [           main] o.s.b.t.m.w.SpringBootMockServletContext : Initializing Spring TestDispatcherServlet ''
2026-04-01T15:04:13.493+02:00  INFO 49572 --- [applicant-tracking-system] [           main] o.s.t.web.servlet.TestDispatcherServlet  : Initializing Servlet ''
2026-04-01T15:04:13.494+02:00  INFO 49572 --- [applicant-tracking-system] [           main] o.s.t.web.servlet.TestDispatcherServlet  : Completed initialization in 1 ms
2026-04-01T15:04:13.551+02:00 DEBUG 49572 --- [applicant-tracking-system] [           main] org.hibernate.SQL                        : 
    insert 
    into
        users
        (created_at, email, first_name, is_deleted, last_name, password, role, updated_at, username, id) 
    values
        (?, ?, ?, ?, ?, ?, ?, ?, ?, default)
Hibernate: 
    insert 
    into
        users
        (created_at, email, first_name, is_deleted, last_name, password, role, updated_at, username, id) 
    values
        (?, ?, ?, ?, ?, ?, ?, ?, ?, default)
2026-04-01T15:04:13.552+02:00 DEBUG 49572 --- [applicant-tracking-system] [           main] o.s.security.web.FilterChainProxy        : Securing POST /api/auth/login
Processing request: POST /api/auth/login
No Bearer token found in header
2026-04-01T15:04:13.552+02:00 DEBUG 49572 --- [applicant-tracking-system] [           main] o.s.s.w.a.AnonymousAuthenticationFilter  : Set SecurityContextHolder to anonymous SecurityContext
2026-04-01T15:04:13.552+02:00 DEBUG 49572 --- [applicant-tracking-system] [           main] o.s.security.web.FilterChainProxy        : Secured POST /api/auth/login
2026-04-01T15:04:13.553+02:00 DEBUG 49572 --- [applicant-tracking-system] [           main] org.hibernate.SQL                        : 
    select
        u1_0.id,
        u1_0.created_at,
        u1_0.email,
        u1_0.first_name,
        u1_0.is_deleted,
        u1_0.last_name,
        u1_0.password,
        u1_0.role,
        u1_0.updated_at,
        u1_0.username 
    from
        users u1_0 
    where
        u1_0.username=?
Hibernate: 
    select
        u1_0.id,
        u1_0.created_at,
        u1_0.email,
        u1_0.first_name,
        u1_0.is_deleted,
        u1_0.last_name,
        u1_0.password,
        u1_0.role,
        u1_0.updated_at,
        u1_0.username 
    from
        users u1_0 
    where
        u1_0.username=?
2026-04-01T15:04:13.611+02:00 DEBUG 49572 --- [applicant-tracking-system] [           main] o.s.security.web.FilterChainProxy        : Securing POST /api/auth/refresh
Processing request: POST /api/auth/refresh
JWT token found, decoding...
Extracted username: refresh@example.com
2026-04-01T15:04:13.618+02:00 DEBUG 49572 --- [applicant-tracking-system] [           main] org.hibernate.SQL                        : 
    select
        u1_0.id,
        u1_0.created_at,
        u1_0.email,
        u1_0.first_name,
        u1_0.is_deleted,
        u1_0.last_name,
        u1_0.password,
        u1_0.role,
        u1_0.updated_at,
        u1_0.username 
    from
        users u1_0 
    where
        u1_0.username=?
Hibernate: 
    select
        u1_0.id,
        u1_0.created_at,
        u1_0.email,
        u1_0.first_name,
        u1_0.is_deleted,
        u1_0.last_name,
        u1_0.password,
        u1_0.role,
        u1_0.updated_at,
        u1_0.username 
    from
        users u1_0 
    where
        u1_0.username=?
Authentication successful for user: refresh@example.com
2026-04-01T15:04:13.619+02:00 DEBUG 49572 --- [applicant-tracking-system] [           main] o.s.security.web.FilterChainProxy        : Secured POST /api/auth/refresh
2026-04-01T15:04:13.622+02:00 DEBUG 49572 --- [applicant-tracking-system] [           main] org.hibernate.SQL                        : 
    select
        u1_0.id,
        u1_0.created_at,
        u1_0.email,
        u1_0.first_name,
        u1_0.is_deleted,
        u1_0.last_name,
        u1_0.password,
        u1_0.role,
        u1_0.updated_at,
        u1_0.username 
    from
        users u1_0 
    where
        u1_0.username=?
Hibernate: 
    select
        u1_0.id,
        u1_0.created_at,
        u1_0.email,
        u1_0.first_name,
        u1_0.is_deleted,
        u1_0.last_name,
        u1_0.password,
        u1_0.role,
        u1_0.updated_at,
        u1_0.username 
    from
        users u1_0 
    where
        u1_0.username=?
]]></system-out>
  </testcase>
  <testcase name="testRegister_DuplicateUsername" classname="com.ats.integration.AuthControllerIntegrationTest" time="0.069">
    <system-out><![CDATA[2026-04-01T15:04:13.625+02:00  INFO 49572 --- [applicant-tracking-system] [           main] o.s.b.t.m.w.SpringBootMockServletContext : Initializing Spring TestDispatcherServlet ''
2026-04-01T15:04:13.626+02:00  INFO 49572 --- [applicant-tracking-system] [           main] o.s.t.web.servlet.TestDispatcherServlet  : Initializing Servlet ''
2026-04-01T15:04:13.626+02:00  INFO 49572 --- [applicant-tracking-system] [           main] o.s.t.web.servlet.TestDispatcherServlet  : Completed initialization in 0 ms
2026-04-01T15:04:13.686+02:00 DEBUG 49572 --- [applicant-tracking-system] [           main] org.hibernate.SQL                        : 
    insert 
    into
        users
        (created_at, email, first_name, is_deleted, last_name, password, role, updated_at, username, id) 
    values
        (?, ?, ?, ?, ?, ?, ?, ?, ?, default)
Hibernate: 
    insert 
    into
        users
        (created_at, email, first_name, is_deleted, last_name, password, role, updated_at, username, id) 
    values
        (?, ?, ?, ?, ?, ?, ?, ?, ?, default)
2026-04-01T15:04:13.688+02:00 DEBUG 49572 --- [applicant-tracking-system] [           main] o.s.security.web.FilterChainProxy        : Securing POST /api/auth/register
Processing request: POST /api/auth/register
No Bearer token found in header
2026-04-01T15:04:13.688+02:00 DEBUG 49572 --- [applicant-tracking-system] [           main] o.s.s.w.a.AnonymousAuthenticationFilter  : Set SecurityContextHolder to anonymous SecurityContext
2026-04-01T15:04:13.688+02:00 DEBUG 49572 --- [applicant-tracking-system] [           main] o.s.security.web.FilterChainProxy        : Secured POST /api/auth/register
2026-04-01T15:04:13.691+02:00 DEBUG 49572 --- [applicant-tracking-system] [           main] org.hibernate.SQL                        : 
    select
        u1_0.id 
    from
        users u1_0 
    where
        u1_0.username=? 
    fetch
        first ? rows only
Hibernate: 
    select
        u1_0.id 
    from
        users u1_0 
    where
        u1_0.username=? 
    fetch
        first ? rows only
]]></system-out>
  </testcase>
  <testcase name="testLogin_InvalidCredentials" classname="com.ats.integration.AuthControllerIntegrationTest" time="0.005">
    <system-out><![CDATA[2026-04-01T15:04:13.696+02:00  INFO 49572 --- [applicant-tracking-system] [           main] o.s.b.t.m.w.SpringBootMockServletContext : Initializing Spring TestDispatcherServlet ''
2026-04-01T15:04:13.696+02:00  INFO 49572 --- [applicant-tracking-system] [           main] o.s.t.web.servlet.TestDispatcherServlet  : Initializing Servlet ''
2026-04-01T15:04:13.696+02:00  INFO 49572 --- [applicant-tracking-system] [           main] o.s.t.web.servlet.TestDispatcherServlet  : Completed initialization in 0 ms
2026-04-01T15:04:13.697+02:00 DEBUG 49572 --- [applicant-tracking-system] [           main] o.s.security.web.FilterChainProxy        : Securing POST /api/auth/login
Processing request: POST /api/auth/login
No Bearer token found in header
2026-04-01T15:04:13.697+02:00 DEBUG 49572 --- [applicant-tracking-system] [           main] o.s.s.w.a.AnonymousAuthenticationFilter  : Set SecurityContextHolder to anonymous SecurityContext
2026-04-01T15:04:13.697+02:00 DEBUG 49572 --- [applicant-tracking-system] [           main] o.s.security.web.FilterChainProxy        : Secured POST /api/auth/login
2026-04-01T15:04:13.698+02:00 DEBUG 49572 --- [applicant-tracking-system] [           main] org.hibernate.SQL                        : 
    select
        u1_0.id,
        u1_0.created_at,
        u1_0.email,
        u1_0.first_name,
        u1_0.is_deleted,
        u1_0.last_name,
        u1_0.password,
        u1_0.role,
        u1_0.updated_at,
        u1_0.username 
    from
        users u1_0 
    where
        u1_0.username=?
Hibernate: 
    select
        u1_0.id,
        u1_0.created_at,
        u1_0.email,
        u1_0.first_name,
        u1_0.is_deleted,
        u1_0.last_name,
        u1_0.password,
        u1_0.role,
        u1_0.updated_at,
        u1_0.username 
    from
        users u1_0 
    where
        u1_0.username=?
]]></system-out>
  </testcase>
  <testcase name="testRegister_Success" classname="com.ats.integration.AuthControllerIntegrationTest" time="0.062">
    <system-out><![CDATA[2026-04-01T15:04:13.702+02:00  INFO 49572 --- [applicant-tracking-system] [           main] o.s.b.t.m.w.SpringBootMockServletContext : Initializing Spring TestDispatcherServlet ''
2026-04-01T15:04:13.702+02:00  INFO 49572 --- [applicant-tracking-system] [           main] o.s.t.web.servlet.TestDispatcherServlet  : Initializing Servlet ''
2026-04-01T15:04:13.703+02:00  INFO 49572 --- [applicant-tracking-system] [           main] o.s.t.web.servlet.TestDispatcherServlet  : Completed initialization in 0 ms
2026-04-01T15:04:13.703+02:00 DEBUG 49572 --- [applicant-tracking-system] [           main] o.s.security.web.FilterChainProxy        : Securing POST /api/auth/register
Processing request: POST /api/auth/register
No Bearer token found in header
2026-04-01T15:04:13.703+02:00 DEBUG 49572 --- [applicant-tracking-system] [           main] o.s.s.w.a.AnonymousAuthenticationFilter  : Set SecurityContextHolder to anonymous SecurityContext
2026-04-01T15:04:13.703+02:00 DEBUG 49572 --- [applicant-tracking-system] [           main] o.s.security.web.FilterChainProxy        : Secured POST /api/auth/register
2026-04-01T15:04:13.704+02:00 DEBUG 49572 --- [applicant-tracking-system] [           main] org.hibernate.SQL                        : 
    select
        u1_0.id 
    from
        users u1_0 
    where
        u1_0.username=? 
    fetch
        first ? rows only
Hibernate: 
    select
        u1_0.id 
    from
        users u1_0 
    where
        u1_0.username=? 
    fetch
        first ? rows only
2026-04-01T15:04:13.705+02:00 DEBUG 49572 --- [applicant-tracking-system] [           main] org.hibernate.SQL                        : 
    select
        u1_0.id 
    from
        users u1_0 
    where
        u1_0.email=? 
    fetch
        first ? rows only
Hibernate: 
    select
        u1_0.id 
    from
        users u1_0 
    where
        u1_0.email=? 
    fetch
        first ? rows only
2026-04-01T15:04:13.761+02:00 DEBUG 49572 --- [applicant-tracking-system] [           main] org.hibernate.SQL                        : 
    insert 
    into
        users
        (created_at, email, first_name, is_deleted, last_name, password, role, updated_at, username, id) 
    values
        (?, ?, ?, ?, ?, ?, ?, ?, ?, default)
Hibernate: 
    insert 
    into
        users
        (created_at, email, first_name, is_deleted, last_name, password, role, updated_at, username, id) 
    values
        (?, ?, ?, ?, ?, ?, ?, ?, ?, default)
]]></system-out>
  </testcase>
  <testcase name="testLogout_Success" classname="com.ats.integration.AuthControllerIntegrationTest" time="0.116">
    <system-out><![CDATA[2026-04-01T15:04:13.765+02:00  INFO 49572 --- [applicant-tracking-system] [           main] o.s.b.t.m.w.SpringBootMockServletContext : Initializing Spring TestDispatcherServlet ''
2026-04-01T15:04:13.765+02:00  INFO 49572 --- [applicant-tracking-system] [           main] o.s.t.web.servlet.TestDispatcherServlet  : Initializing Servlet ''
2026-04-01T15:04:13.765+02:00  INFO 49572 --- [applicant-tracking-system] [           main] o.s.t.web.servlet.TestDispatcherServlet  : Completed initialization in 0 ms
2026-04-01T15:04:13.819+02:00 DEBUG 49572 --- [applicant-tracking-system] [           main] org.hibernate.SQL                        : 
    insert 
    into
        users
        (created_at, email, first_name, is_deleted, last_name, password, role, updated_at, username, id) 
    values
        (?, ?, ?, ?, ?, ?, ?, ?, ?, default)
Hibernate: 
    insert 
    into
        users
        (created_at, email, first_name, is_deleted, last_name, password, role, updated_at, username, id) 
    values
        (?, ?, ?, ?, ?, ?, ?, ?, ?, default)
2026-04-01T15:04:13.820+02:00 DEBUG 49572 --- [applicant-tracking-system] [           main] o.s.security.web.FilterChainProxy        : Securing POST /api/auth/login
Processing request: POST /api/auth/login
No Bearer token found in header
2026-04-01T15:04:13.820+02:00 DEBUG 49572 --- [applicant-tracking-system] [           main] o.s.s.w.a.AnonymousAuthenticationFilter  : Set SecurityContextHolder to anonymous SecurityContext
2026-04-01T15:04:13.820+02:00 DEBUG 49572 --- [applicant-tracking-system] [           main] o.s.security.web.FilterChainProxy        : Secured POST /api/auth/login
2026-04-01T15:04:13.821+02:00 DEBUG 49572 --- [applicant-tracking-system] [           main] org.hibernate.SQL                        : 
    select
        u1_0.id,
        u1_0.created_at,
        u1_0.email,
        u1_0.first_name,
        u1_0.is_deleted,
        u1_0.last_name,
        u1_0.password,
        u1_0.role,
        u1_0.updated_at,
        u1_0.username 
    from
        users u1_0 
    where
        u1_0.username=?
Hibernate: 
    select
        u1_0.id,
        u1_0.created_at,
        u1_0.email,
        u1_0.first_name,
        u1_0.is_deleted,
        u1_0.last_name,
        u1_0.password,
        u1_0.role,
        u1_0.updated_at,
        u1_0.username 
    from
        users u1_0 
    where
        u1_0.username=?
2026-04-01T15:04:13.876+02:00 DEBUG 49572 --- [applicant-tracking-system] [           main] o.s.security.web.FilterChainProxy        : Securing POST /api/auth/logout
Processing request: POST /api/auth/logout
JWT token found, decoding...
Extracted username: logout@example.com
2026-04-01T15:04:13.877+02:00 DEBUG 49572 --- [applicant-tracking-system] [           main] org.hibernate.SQL                        : 
    select
        u1_0.id,
        u1_0.created_at,
        u1_0.email,
        u1_0.first_name,
        u1_0.is_deleted,
        u1_0.last_name,
        u1_0.password,
        u1_0.role,
        u1_0.updated_at,
        u1_0.username 
    from
        users u1_0 
    where
        u1_0.username=?
Hibernate: 
    select
        u1_0.id,
        u1_0.created_at,
        u1_0.email,
        u1_0.first_name,
        u1_0.is_deleted,
        u1_0.last_name,
        u1_0.password,
        u1_0.role,
        u1_0.updated_at,
        u1_0.username 
    from
        users u1_0 
    where
        u1_0.username=?
Authentication successful for user: logout@example.com
2026-04-01T15:04:13.878+02:00 DEBUG 49572 --- [applicant-tracking-system] [           main] o.s.security.web.FilterChainProxy        : Secured POST /api/auth/logout
]]></system-out>
  </testcase>
</testsuite>